Module_02_Intelligent_Distribution/src/services/core/follow-up.service.spec.ts(178,1): error TS1128: Declaration or statement expected.
Module_02_Intelligent_Distribution/src/services/core/follow-up.service.spec.ts(178,2): error TS1128: Declaration or statement expected.
