Module_01_Smart_Invoice_Generation/code/controllers/invoice-generation.controller.ts(321,57): error TS2345: Argument of type '{ templateId: string; tenantId: string; event: { type: string; timestamp: Date; metadata?: Record<string, any>; }; }' is not assignable to parameter of type '{ templateId: string; tenantId: string; event: { type: "delivered" | "opened" | "clicked" | "payment_received" | "feedback" | "complaint"; timestamp: Date; metadata?: Record<string, any>; }; }'.
  The types of 'event.type' are incompatible between these types.
    Type 'string' is not assignable to type '"delivered" | "opened" | "clicked" | "payment_received" | "feedback" | "complaint"'.
Module_01_Smart_Invoice_Generation/code/controllers/invoice.controller.ts(45,38): error TS2554: Expected 3 arguments, but got 1.
Module_01_Smart_Invoice_Generation/code/controllers/invoice.controller.ts(60,38): error TS2554: Expected 2 arguments, but got 1.
Module_01_Smart_Invoice_Generation/code/controllers/invoice.controller.ts(76,38): error TS2554: Expected 2 arguments, but got 1.
Module_01_Smart_Invoice_Generation/code/controllers/invoice.controller.ts(89,38): error TS2554: Expected 4 arguments, but got 2.
Module_01_Smart_Invoice_Generation/code/controllers/invoice.controller.ts(100,38): error TS2554: Expected 3 arguments, but got 1.
Module_01_Smart_Invoice_Generation/code/controllers/invoice.controller.ts(110,38): error TS2554: Expected 2 arguments, but got 1.
Module_01_Smart_Invoice_Generation/code/controllers/invoice.controller.ts(120,38): error TS2554: Expected 3 arguments, but got 2.
Module_01_Smart_Invoice_Generation/code/invoice-generation.module.ts(30,13): error TS2552: Cannot find name 'InvoiceItemEntity'. Did you mean 'InvoiceEntity'?
Module_01_Smart_Invoice_Generation/code/invoice-generation.module.ts(42,9): error TS2304: Cannot find name 'PdfGenerationService'.
Module_01_Smart_Invoice_Generation/code/invoice-generation.module.ts(47,9): error TS2304: Cannot find name 'PdfGenerationService'.
Module_01_Smart_Invoice_Generation/code/services/constraint-integration.service.ts(185,60): error TS2339: Property 'findOne' does not exist on type 'ConstraintRepository'.
Module_01_Smart_Invoice_Generation/code/services/constraint.repository.ts(19,9): error TS2740: Type 'ConstraintEntity[]' is missing the following properties from type 'ConstraintEntity': id, tenantId, type, severity, and 7 more.
Module_01_Smart_Invoice_Generation/code/services/invoice.service.ts(2,45): error TS2307: Cannot find module '@common/database/database.service' or its corresponding type declarations.
Module_01_Smart_Invoice_Generation/code/services/invoice.service.ts(3,24): error TS2307: Cannot find module '@common/logging/logger' or its corresponding type declarations.
Module_01_Smart_Invoice_Generation/code/services/invoice.service.ts(4,32): error TS2307: Cannot find module '@common/monitoring/metrics.service' or its corresponding type declarations.
Module_01_Smart_Invoice_Generation/code/services/invoice.service.ts(5,37): error TS2307: Cannot find module '@common/notifications/notification.service' or its corresponding type declarations.
Module_01_Smart_Invoice_Generation/code/services/invoice.service.ts(10,8): error TS2307: Cannot find module '@common/errors/app-error' or its corresponding type declarations.
Module_01_Smart_Invoice_Generation/code/services/invoice.service.ts(271,17): error TS2551: Property 'customer_email' does not exist on type 'IInvoice'. Did you mean 'customer_id'?
Module_01_Smart_Invoice_Generation/src/controllers/invoice.controller.spec.ts(57,36): error TS2349: This expression is not callable.
  Type 'typeof supertest' has no call signatures.
Module_01_Smart_Invoice_Generation/src/controllers/invoice.controller.spec.ts(81,36): error TS2349: This expression is not callable.
  Type 'typeof supertest' has no call signatures.
Module_01_Smart_Invoice_Generation/src/controllers/invoice.controller.spec.ts(98,36): error TS2349: This expression is not callable.
  Type 'typeof supertest' has no call signatures.
Module_01_Smart_Invoice_Generation/src/controllers/invoice.controller.spec.ts(108,19): error TS2349: This expression is not callable.
  Type 'typeof supertest' has no call signatures.
Module_01_Smart_Invoice_Generation/src/controllers/invoice.controller.spec.ts(123,36): error TS2349: This expression is not callable.
  Type 'typeof supertest' has no call signatures.
Module_01_Smart_Invoice_Generation/src/controllers/invoice.controller.spec.ts(141,36): error TS2349: This expression is not callable.
  Type 'typeof supertest' has no call signatures.
Module_01_Smart_Invoice_Generation/src/controllers/invoice.controller.spec.ts(161,36): error TS2349: This expression is not callable.
  Type 'typeof supertest' has no call signatures.
Module_01_Smart_Invoice_Generation/src/controllers/recurring-invoice.controller.ts(48,13): error TS2345: Argument of type '{ tenantId: string; name: string; templateInvoiceId: string; frequency: string; startDate: Date; endDate?: Date; maxOccurrences?: number; sendOnGeneration?: boolean; }' is not assignable to parameter of type 'Partial<RecurringInvoice>'.
  Types of property 'frequency' are incompatible.
    Type 'string' is not assignable to type 'RecurrenceFrequency'.
Module_01_Smart_Invoice_Generation/src/controllers/recurring-invoice.controller.ts(89,56): error TS2345: Argument of type 'UpdateRecurringInvoiceDto' is not assignable to parameter of type 'Partial<RecurringInvoice>'.
  Types of property 'frequency' are incompatible.
    Type 'string' is not assignable to type 'RecurrenceFrequency'.
Module_01_Smart_Invoice_Generation/src/invoice.module.ts(19,38): error TS2307: Cannot find module '../../Module_12_Administration/administration.module' or its corresponding type declarations.
Module_01_Smart_Invoice_Generation/src/services/invoice.service.spec.ts(67,42): error TS2554: Expected 3 arguments, but got 2.
Module_01_Smart_Invoice_Generation/src/services/invoice.service.spec.ts(79,27): error TS2554: Expected 3 arguments, but got 2.
Module_01_Smart_Invoice_Generation/src/services/invoice.service.spec.ts(89,42): error TS2554: Expected 2 arguments, but got 1.
Module_01_Smart_Invoice_Generation/src/services/invoice.service.spec.ts(98,34): error TS2554: Expected 2 arguments, but got 1.
Module_01_Smart_Invoice_Generation/src/services/invoice.service.spec.ts(124,42): error TS2554: Expected 4 arguments, but got 2.
Module_01_Smart_Invoice_Generation/src/services/invoice.service.spec.ts(126,27): error TS2339: Property 'client_name' does not exist on type 'Invoice'.
Module_01_Smart_Invoice_Generation/src/services/invoice.service.spec.ts(135,42): error TS2554: Expected 4-5 arguments, but got 2.
Module_01_Smart_Invoice_Generation/src/services/invoice.service.spec.ts(146,27): error TS2339: Property 'delete' does not exist on type 'InvoiceService'.
Module_01_Smart_Invoice_Generation/src/services/invoice.service.ts(73,17): error TS2322: Type '"INVOICE_CREATED"' is not assignable to type 'AuditAction'.
Module_01_Smart_Invoice_Generation/src/services/invoice.service.ts(215,13): error TS2322: Type '"INVOICE_UPDATED"' is not assignable to type 'AuditAction'.
Module_01_Smart_Invoice_Generation/src/services/invoice.service.ts(250,13): error TS2322: Type '"INVOICE_DELETED"' is not assignable to type 'AuditAction'.
Module_01_Smart_Invoice_Generation/src/services/invoice.service.ts(304,13): error TS2322: Type '"INVOICE_SENT"' is not assignable to type 'AuditAction'.
Module_01_Smart_Invoice_Generation/src/services/invoice.service.ts(361,13): error TS2322: Type '"INVOICE_STATUS_UPDATED"' is not assignable to type 'AuditAction'.
Module_01_Smart_Invoice_Generation/src/services/recurring-invoice.service.spec.ts(95,34): error TS2551: Property 'templateInvoice' does not exist on type '{ id: string; tenantId: string; templateInvoiceId: string; name: string; frequency: RecurrenceFrequency; startDate: Date; nextRunDate: Date; status: RecurringStatus; ... 4 more ...; shouldStop: Mock<...>; }'. Did you mean 'templateInvoiceId'?
Module_01_Smart_Invoice_Generation/src/services/recurring-invoice.service.spec.ts(103,71): error TS2345: Argument of type '{ id: string; tenantId: string; templateInvoiceId: string; name: string; frequency: RecurrenceFrequency; startDate: Date; nextRunDate: Date; status: RecurringStatus; ... 4 more ...; shouldStop: jest.Mock<...>; }' is not assignable to parameter of type 'RecurringInvoice'.
  Type '{ id: string; tenantId: string; templateInvoiceId: string; name: string; frequency: RecurrenceFrequency; startDate: Date; nextRunDate: Date; status: RecurringStatus; ... 4 more ...; shouldStop: Mock<...>; }' is missing the following properties from type 'RecurringInvoice': templateInvoice, endDate, lastRunDate, maxOccurrences, and 5 more.
Module_01_Smart_Invoice_Generation/src/services/recurring-invoice.service.spec.ts(112,34): error TS2551: Property 'templateInvoice' does not exist on type '{ id: string; tenantId: string; templateInvoiceId: string; name: string; frequency: RecurrenceFrequency; startDate: Date; nextRunDate: Date; status: RecurringStatus; ... 4 more ...; shouldStop: Mock<...>; }'. Did you mean 'templateInvoiceId'?
Module_01_Smart_Invoice_Generation/src/services/recurring-invoice.service.spec.ts(119,56): error TS2345: Argument of type '{ id: string; tenantId: string; templateInvoiceId: string; name: string; frequency: RecurrenceFrequency; startDate: Date; nextRunDate: Date; status: RecurringStatus; ... 4 more ...; shouldStop: jest.Mock<...>; }' is not assignable to parameter of type 'RecurringInvoice'.
  Type '{ id: string; tenantId: string; templateInvoiceId: string; name: string; frequency: RecurrenceFrequency; startDate: Date; nextRunDate: Date; status: RecurringStatus; ... 4 more ...; shouldStop: Mock<...>; }' is missing the following properties from type 'RecurringInvoice': templateInvoice, endDate, lastRunDate, maxOccurrences, and 5 more.
Module_01_Smart_Invoice_Generation/src/services/recurring-invoice.service.ts(71,54): error TS2554: Expected 3 arguments, but got 2.
Module_01_Smart_Invoice_Generation/src/services/recurring-invoice.service.ts(77,58): error TS2551: Property 'due_date' does not exist on type 'Invoice'. Did you mean 'dueDate'?
Module_01_Smart_Invoice_Generation/src/services/recurring-invoice.service.ts(77,77): error TS2339: Property 'invoice_date' does not exist on type 'Invoice'.
Module_02_Intelligent_Distribution/code/services/enhanced-email.service.ts(2,33): error TS2307: Cannot find module '../../../Module_02_Communication_Layer/code/services/ml-bridge.service' or its corresponding type declarations.
Module_02_Intelligent_Distribution/src/controllers/collections-autopilot.controller.spec.ts(43,45): error TS2551: Property 'configureDefaults' does not exist on type 'CollectionsAutopilotController'. Did you mean 'configureDefault'?
Module_02_Intelligent_Distribution/src/controllers/collections-autopilot.controller.spec.ts(52,52): error TS2554: Expected 0 arguments, but got 1.
Module_02_Intelligent_Distribution/src/controllers/collections-autopilot.controller.spec.ts(69,30): error TS2339: Property 'pauseAutopilot' does not exist on type 'CollectionsAutopilotController'.
Module_02_Intelligent_Distribution/src/controllers/collections-autopilot.controller.spec.ts(76,30): error TS2339: Property 'resumeAutopilot' does not exist on type 'CollectionsAutopilotController'.
Module_02_Intelligent_Distribution/src/controllers/collections-autopilot.controller.ts(3,10): error TS2459: Module '"../services/core/distribution.service"' declares 'ChannelType' locally, but it is not exported.
Module_02_Intelligent_Distribution/src/controllers/distribution.controller.spec.ts(59,62): error TS2345: Argument of type '{ invoiceId: string; channels: string[]; options: {}; }' is not assignable to parameter of type 'CreateDistributionDto'.
  Type '{ invoiceId: string; channels: string[]; options: {}; }' is missing the following properties from type 'CreateDistributionDto': recipientId, channel
Module_02_Intelligent_Distribution/src/controllers/distribution.controller.spec.ts(71,66): error TS2345: Argument of type '{ invoiceIds: string[]; channels: string[]; options: {}; }' is not assignable to parameter of type 'BulkDistributionDto'.
  Types of property 'channels' are incompatible.
    Type 'string[]' is not assignable to type 'CommunicationChannel[]'.
      Type 'string' is not assignable to type 'CommunicationChannel'.
Module_02_Intelligent_Distribution/src/controllers/distribution.controller.spec.ts(90,68): error TS2353: Object literal may only specify known properties, and 'dateRange' does not exist in type 'DistributionStatsDto'.
Module_02_Intelligent_Distribution/src/controllers/distribution.controller.spec.ts(115,81): error TS2322: Type 'DistributionStatus.SENT' is not assignable to type 'DistributionStatus'.
Module_02_Intelligent_Distribution/src/controllers/distribution.controller.ts(49,23): error TS2551: Property 'channels' does not exist on type 'CreateDistributionDto'. Did you mean 'channel'?
Module_02_Intelligent_Distribution/src/controllers/distribution.controller.ts(51,23): error TS2339: Property 'options' does not exist on type 'CreateDistributionDto'.
Module_02_Intelligent_Distribution/src/controllers/distribution.controller.ts(71,17): error TS2345: Argument of type 'CommunicationChannel[]' is not assignable to parameter of type 'ChannelType[]'.
  Type 'CommunicationChannel' is not assignable to type 'ChannelType'.
Module_02_Intelligent_Distribution/src/controllers/distribution.controller.ts(73,25): error TS2339: Property 'options' does not exist on type 'BulkDistributionDto'.
Module_02_Intelligent_Distribution/src/controllers/distribution.controller.ts(114,23): error TS2339: Property 'startDate' does not exist on type 'DistributionFilterDto'.
Module_02_Intelligent_Distribution/src/controllers/distribution.controller.ts(115,89): error TS2339: Property 'startDate' does not exist on type 'DistributionFilterDto'.
Module_02_Intelligent_Distribution/src/controllers/distribution.controller.ts(118,23): error TS2339: Property 'endDate' does not exist on type 'DistributionFilterDto'.
Module_02_Intelligent_Distribution/src/controllers/distribution.controller.ts(119,85): error TS2339: Property 'endDate' does not exist on type 'DistributionFilterDto'.
Module_02_Intelligent_Distribution/src/controllers/distribution.controller.ts(147,73): error TS2339: Property 'dateRange' does not exist on type 'DistributionStatsDto'.
Module_02_Intelligent_Distribution/src/controllers/distribution.controller.ts(194,9): error TS2322: Type 'import("C:/Users/91858/Downloads/SME_Platform_12_Separate_Modules/platform/Module_02_Intelligent_Distribution/src/entities/distribution-record.entity").DistributionStatus' is not assignable to type 'import("C:/Users/91858/Downloads/SME_Platform_12_Separate_Modules/platform/Module_02_Intelligent_Distribution/src/entities/distribution-job.entity").DistributionStatus'.
  Property 'OPENED' is missing in type 'import("C:/Users/91858/Downloads/SME_Platform_12_Separate_Modules/platform/Module_02_Intelligent_Distribution/src/entities/distribution-job.entity").DistributionStatus'.
Module_02_Intelligent_Distribution/src/controllers/distribution.controller.ts(195,23): error TS2339: Property 'completedAt' does not exist on type 'UpdateDistributionStatusDto'.
Module_02_Intelligent_Distribution/src/controllers/distribution.controller.ts(196,41): error TS2339: Property 'completedAt' does not exist on type 'UpdateDistributionStatusDto'.
Module_02_Intelligent_Distribution/src/controllers/follow-up.controller.spec.ts(55,68): error TS2345: Argument of type '{ name: string; description: string; triggerType: TriggerType; daysOffset: number; channel: ChannelType; templateId: string; }' is not assignable to parameter of type 'CreateFollowUpRuleDto'.
  Types of property 'channel' are incompatible.
    Type 'ChannelType' is not assignable to type 'CommunicationChannel'.
Module_02_Intelligent_Distribution/src/controllers/follow-up.controller.spec.ts(113,74): error TS2345: Argument of type '{ channel: ChannelType; customMessage: string; }' is not assignable to parameter of type 'TriggerFollowUpDto'.
  Property 'invoiceId' is missing in type '{ channel: ChannelType; customMessage: string; }' but required in type 'TriggerFollowUpDto'.
Module_02_Intelligent_Distribution/src/controllers/follow-up.controller.ts(46,22): error TS2352: Conversion of type 'CommunicationChannel' to type 'ChannelType' may be a mistake because neither type sufficiently overlaps with the other. If this was intentional, convert the expression to 'unknown' first.
Module_02_Intelligent_Distribution/src/controllers/follow-up.controller.ts(134,13): error TS2352: Conversion of type 'CommunicationChannel' to type 'ChannelType' may be a mistake because neither type sufficiently overlaps with the other. If this was intentional, convert the expression to 'unknown' first.
Module_02_Intelligent_Distribution/src/controllers/recipient.controller.spec.ts(23,56): error TS2345: Argument of type '{ name: string; email: string; }' is not assignable to parameter of type 'CreateRecipientDto'.
  Type '{ name: string; email: string; }' is missing the following properties from type 'CreateRecipientDto': recipientName, preferredChannel
Module_02_Intelligent_Distribution/src/controllers/whatsapp.controller.ts(18,30): error TS2307: Cannot find module '@common/guards/jwt-auth.guard' or its corresponding type declarations.
Module_02_Intelligent_Distribution/src/services/analytics/distribution-analytics.service.ts(164,17): error TS2353: Object literal may only specify known properties, and 'tenantId' does not exist in type 'FindOptionsWhere<DistributionLog> | FindOptionsWhere<DistributionLog>[]'.
Module_02_Intelligent_Distribution/src/services/analytics/distribution-analytics.service.ts(171,17): error TS2353: Object literal may only specify known properties, and 'tenantId' does not exist in type 'FindOptionsWhere<DeliveryEvent> | FindOptionsWhere<DeliveryEvent>[]'.
Module_02_Intelligent_Distribution/src/services/analytics/distribution-analytics.service.ts(180,33): error TS2339: Property 'channel' does not exist on type 'DistributionLog'.
Module_02_Intelligent_Distribution/src/services/collections-autopilot.service.spec.ts(2,45): error TS2307: Cannot find module '../collections-autopilot.service' or its corresponding type declarations.
Module_02_Intelligent_Distribution/src/services/collections-autopilot.service.spec.ts(5,10): error TS2459: Module '"./core/distribution.service"' declares 'ChannelType' locally, but it is not exported.
Module_02_Intelligent_Distribution/src/services/collections-autopilot.service.ts(4,10): error TS2459: Module '"./core/distribution.service"' declares 'ChannelType' locally, but it is not exported.
Module_02_Intelligent_Distribution/src/services/core/delivery-tracking.service.spec.ts(53,63): error TS2554: Expected 1 arguments, but got 4.
Module_02_Intelligent_Distribution/src/services/core/delivery-tracking.service.spec.ts(62,27): error TS2339: Property 'recordBounce' does not exist on type 'DeliveryTrackingService'.
Module_02_Intelligent_Distribution/src/services/core/delivery-tracking.service.spec.ts(76,42): error TS2339: Property 'getDeliveryStatus' does not exist on type 'DeliveryTrackingService'.
Module_02_Intelligent_Distribution/src/services/core/delivery-tracking.service.spec.ts(90,27): error TS2339: Property 'processWebhook' does not exist on type 'DeliveryTrackingService'.
Module_02_Intelligent_Distribution/src/services/core/distribution.service.spec.ts(4,31): error TS2459: Module '"./distribution.service"' declares 'ChannelType' locally, but it is not exported.
Module_02_Intelligent_Distribution/src/services/core/distribution.service.spec.ts(7,28): error TS2307: Cannot find module '../../../Module_01_Smart_Invoice_Generation/src/services/pdf.service' or its corresponding type declarations.
Module_02_Intelligent_Distribution/src/services/core/distribution.service.spec.ts(8,32): error TS2307: Cannot find module '../../../Module_01_Smart_Invoice_Generation/src/services/invoice.service' or its corresponding type declarations.
Module_02_Intelligent_Distribution/src/services/core/distribution.service.spec.ts(9,37): error TS2307: Cannot find module '../../../Module_11_Common/src/services/notification.service' or its corresponding type declarations.
Module_02_Intelligent_Distribution/src/services/core/distribution.service.spec.ts(10,36): error TS2307: Cannot find module '../../../Module_03_Payment_Integration/src/services/payment-link.service' or its corresponding type declarations.
Module_02_Intelligent_Distribution/src/services/core/distribution.service.ts(4,28): error TS2307: Cannot find module '../../../Module_01_Smart_Invoice_Generation/src/services/pdf.service' or its corresponding type declarations.
Module_02_Intelligent_Distribution/src/services/core/distribution.service.ts(5,32): error TS2307: Cannot find module '../../../Module_01_Smart_Invoice_Generation/src/services/invoice.service' or its corresponding type declarations.
Module_02_Intelligent_Distribution/src/services/core/distribution.service.ts(6,37): error TS2307: Cannot find module '../../../Module_11_Common/src/services/notification.service' or its corresponding type declarations.
Module_02_Intelligent_Distribution/src/services/core/distribution.service.ts(7,36): error TS2307: Cannot find module '../../../Module_03_Payment_Integration/src/services/payment-link.service' or its corresponding type declarations.
Module_02_Intelligent_Distribution/src/services/core/follow-up.service.spec.ts(7,31): error TS2459: Module '"./distribution.service"' declares 'ChannelType' locally, but it is not exported.
Module_02_Intelligent_Distribution/src/services/core/follow-up.service.spec.ts(8,32): error TS2307: Cannot find module '../../../Module_01_Smart_Invoice_Generation/src/services/invoice.service' or its corresponding type declarations.
Module_02_Intelligent_Distribution/src/services/core/follow-up.service.spec.ts(9,33): error TS2307: Cannot find module '../../../Module_11_Common/code/services/deepseek-r1.service' or its corresponding type declarations.
Module_02_Intelligent_Distribution/src/services/core/follow-up.service.ts(7,31): error TS2459: Module '"./distribution.service"' declares 'ChannelType' locally, but it is not exported.
Module_02_Intelligent_Distribution/src/services/core/follow-up.service.ts(8,32): error TS2307: Cannot find module '../../../Module_01_Smart_Invoice_Generation/src/services/invoice.service' or its corresponding type declarations.
Module_02_Intelligent_Distribution/src/services/core/follow-up.service.ts(9,33): error TS2307: Cannot find module '../../../Module_11_Common/code/services/deepseek-r1.service' or its corresponding type declarations.
Module_02_Intelligent_Distribution/src/services/core/follow-up.service.ts(163,17): error TS2353: Object literal may only specify known properties, and 'organizationId' does not exist in type 'FindOptionsWhere<FollowUpRule> | FindOptionsWhere<FollowUpRule>[]'.
Module_02_Intelligent_Distribution/src/services/core/follow-up.service.ts(361,13): error TS2769: No overload matches this call.
  Overload 1 of 3, '(entityLikeArray: DeepPartial<FollowUpRule>[]): FollowUpRule[]', gave the following error.
    Object literal may only specify known properties, and 'organizationId' does not exist in type 'DeepPartial<FollowUpRule>[]'.
  Overload 2 of 3, '(entityLike: DeepPartial<FollowUpRule>): FollowUpRule', gave the following error.
    Object literal may only specify known properties, and 'organizationId' does not exist in type 'DeepPartial<FollowUpRule>'.
Module_02_Intelligent_Distribution/src/services/core/follow-up.service.ts(364,9): error TS2740: Type 'FollowUpRule[]' is missing the following properties from type 'FollowUpRule': id, tenantId, name, description, and 12 more.
Module_02_Intelligent_Distribution/src/services/core/follow-up.service.ts(372,22): error TS2353: Object literal may only specify known properties, and 'organizationId' does not exist in type 'FindOptionsWhere<FollowUpRule> | FindOptionsWhere<FollowUpRule>[]'.
Module_02_Intelligent_Distribution/src/services/core/follow-up.service.ts(386,27): error TS2353: Object literal may only specify known properties, and 'organizationId' does not exist in type 'Date | ObjectId | string[] | number[] | Date[] | ObjectId[] | FindOptionsWhere<FollowUpRule> | FindOptionsWhere<FollowUpRule>[]'.
Module_02_Intelligent_Distribution/src/services/core/follow-up.service.ts(391,34): error TS2353: Object literal may only specify known properties, and 'organizationId' does not exist in type 'FindOptionsWhere<FollowUpRule> | FindOptionsWhere<FollowUpRule>[]'.
Module_02_Intelligent_Distribution/src/services/core/follow-up.service.ts(401,13): error TS2353: Object literal may only specify known properties, and 'organizationId' does not exist in type 'Date | ObjectId | string[] | number[] | Date[] | ObjectId[] | FindOptionsWhere<FollowUpRule> | FindOptionsWhere<FollowUpRule>[]'.
Module_02_Intelligent_Distribution/src/services/core/follow-up.service.ts(422,33): error TS2339: Property 'determineFollowUpAction' does not exist on type 'FollowUpEngineService'.
Module_02_Intelligent_Distribution/src/services/ml/ml-bridge.service.spec.ts(40,42): error TS2339: Property 'getPrediction' does not exist on type 'MLBridgeService'.
Module_02_Intelligent_Distribution/src/services/ml/ml-bridge.service.spec.ts(48,34): error TS2339: Property 'getPrediction' does not exist on type 'MLBridgeService'.
Module_02_Intelligent_Distribution/src/services/ml/ml-bridge.service.spec.ts(58,42): error TS2551: Property 'getEngagementScore' does not exist on type 'MLBridgeService'. Did you mean 'predictEngagementScore'?
Module_02_Intelligent_Distribution/src/services/ml/ml-bridge.service.spec.ts(68,42): error TS2339: Property 'getPredictionWithFallback' does not exist on type 'MLBridgeService'.
Module_02_Intelligent_Distribution/src/services/ml/ml-personalization.service.spec.ts(38,42): error TS2339: Property 'personalizeContent' does not exist on type 'MLPersonalizationService'.
Module_02_Intelligent_Distribution/src/services/ml/ml-personalization.service.spec.ts(48,42): error TS2339: Property 'selectTemplate' does not exist on type 'MLPersonalizationService'.
Module_02_Intelligent_Distribution/src/services/ml/ml-personalization.service.spec.ts(57,42): error TS2339: Property 'adaptLanguage' does not exist on type 'MLPersonalizationService'.
Module_02_Intelligent_Distribution/src/services/ml/ml-personalization.service.spec.ts(67,42): error TS2339: Property 'culturalAdaptation' does not exist on type 'MLPersonalizationService'.
Module_02_Intelligent_Distribution/src/services/ml/ml-personalization.service.ts(78,54): error TS2339: Property 'personalizeMessage' does not exist on type 'MLBridgeService'.
Module_02_Intelligent_Distribution/src/services/ml/send-time-optimization.service.spec.ts(66,27): error TS2339: Property 'hour' does not exist on type 'number'.
Module_02_Intelligent_Distribution/src/services/ml/send-time-optimization.service.spec.ts(67,27): error TS2339: Property 'hour' does not exist on type 'number'.
Module_02_Intelligent_Distribution/src/services/ml/send-time-optimization.service.ts(4,36): error TS2307: Cannot find module '../entities/ml-intelligence.entity' or its corresponding type declarations.
Module_02_Intelligent_Distribution/src/services/ml/send-time-optimization.service.ts(5,41): error TS2307: Cannot find module '../entities/ml-intelligence.entity' or its corresponding type declarations.
Module_02_Intelligent_Distribution/src/services/whatsapp.service.ts(8,10): error TS2724: '"../entities/recipient-contact.entity"' has no exported member named 'RecipientContactEntity'. Did you mean 'RecipientContact'?
Module_02_Intelligent_Distribution/src/whatsapp.module.ts(15,10): error TS2724: '"./entities/recipient-contact.entity"' has no exported member named 'RecipientContactEntity'. Did you mean 'RecipientContact'?
Module_03_Payment_Integration/code/controllers/payment.controller.ts(16,30): error TS2307: Cannot find module '@common/guards/jwt-auth.guard' or its corresponding type declarations.
Module_03_Payment_Integration/code/controllers/payment.controller.ts(44,38): error TS2339: Property 'initiatePayment' does not exist on type 'PaymentService'.
Module_03_Payment_Integration/code/controllers/payment.controller.ts(55,38): error TS2339: Property 'verifyPayment' does not exist on type 'PaymentService'.
Module_03_Payment_Integration/code/controllers/payment.controller.ts(65,38): error TS2339: Property 'getPayment' does not exist on type 'PaymentService'.
Module_03_Payment_Integration/code/controllers/payment.controller.ts(78,38): error TS2339: Property 'getPaymentHistory' does not exist on type 'PaymentService'.
Module_03_Payment_Integration/code/controllers/payment.controller.ts(89,38): error TS2554: Expected 5 arguments, but got 1.
Module_03_Payment_Integration/code/controllers/payment.controller.ts(98,38): error TS2339: Property 'getPaymentMethods' does not exist on type 'PaymentService'.
Module_03_Payment_Integration/code/controllers/smart-collect.controller.ts(16,30): error TS2307: Cannot find module '@common/guards/jwt-auth.guard' or its corresponding type declarations.
Module_03_Payment_Integration/code/controllers/smart-collect.controller.ts(38,65): error TS2345: Argument of type 'CreateAutoPaymentDto' is not assignable to parameter of type '{ tenantId: string; customerId: string; invoiceId: string; amount: number; frequency: "monthly" | "quarterly" | "daily" | "weekly"; startDate: Date; endDate?: Date; paymentMethod: string; maxRetries?: number; }'.
  Property 'invoiceId' is optional in type 'CreateAutoPaymentDto' but required in type '{ tenantId: string; customerId: string; invoiceId: string; amount: number; frequency: "monthly" | "quarterly" | "daily" | "weekly"; startDate: Date; endDate?: Date; paymentMethod: string; maxRetries?: number; }'.
Module_03_Payment_Integration/code/payment.module.ts(19,32): error TS2307: Cannot find module '../src/entities/payment-gateway.entity' or its corresponding type declarations.
Module_03_Payment_Integration/code/services/payment.service.ts(2,33): error TS2307: Cannot find module '../../../../Module_11_Common/code/database/database.service' or its corresponding type declarations.
Module_03_Payment_Integration/code/services/payment.service.ts(3,24): error TS2307: Cannot find module '../../../../Module_11_Common/code/logging/logger' or its corresponding type declarations.
Module_03_Payment_Integration/code/services/payment.service.ts(4,32): error TS2307: Cannot find module '../../../../Module_11_Common/code/monitoring/metrics.service' or its corresponding type declarations.
Module_03_Payment_Integration/code/services/payment.service.ts(5,37): error TS2307: Cannot find module '../../../../Module_11_Common/code/notifications/notification.service' or its corresponding type declarations.
Module_03_Payment_Integration/code/services/payment.service.ts(11,8): error TS2307: Cannot find module '../../../../Module_11_Common/code/errors/app-error' or its corresponding type declarations.
Module_03_Payment_Integration/code/services/payment.service.ts(19,20): error TS2307: Cannot find module 'stripe' or its corresponding type declarations.
Module_03_Payment_Integration/code/services/smart-collect.service.ts(6,42): error TS2307: Cannot find module '../entities/payment-transaction.entity' or its corresponding type declarations.
Module_03_Payment_Integration/code/services/smart-collect.service.ts(7,38): error TS2307: Cannot find module '../entities/virtual-account.entity' or its corresponding type declarations.
Module_03_Payment_Integration/code/services/smart-collect.service.ts(8,39): error TS2307: Cannot find module './payment-gateway.service' or its corresponding type declarations.
Module_03_Payment_Integration/code/smart-collect.module.ts(7,39): error TS2307: Cannot find module './services/payment-gateway.service' or its corresponding type declarations.
Module_03_Payment_Integration/code/smart-collect.module.ts(14,42): error TS2307: Cannot find module './entities/payment-transaction.entity' or its corresponding type declarations.
Module_03_Payment_Integration/code/smart-collect.module.ts(15,38): error TS2307: Cannot find module './entities/virtual-account.entity' or its corresponding type declarations.
Module_03_Payment_Integration/src/controllers/analytics.controller.ts(25,26): error TS2307: Cannot find module '../enums/user-role.enum' or its corresponding type declarations.
Module_03_Payment_Integration/src/controllers/dispute.controller.ts(25,26): error TS2307: Cannot find module '../enums/user-role.enum' or its corresponding type declarations.
Module_03_Payment_Integration/src/controllers/gateway.controller.ts(30,26): error TS2307: Cannot find module '../enums/user-role.enum' or its corresponding type declarations.
Module_03_Payment_Integration/src/controllers/payment-link.controller.ts(29,26): error TS2307: Cannot find module '../enums/user-role.enum' or its corresponding type declarations.
Module_03_Payment_Integration/src/controllers/payment.controller.ts(19,74): error TS2307: Cannot find module '../dto' or its corresponding type declarations.
Module_03_Payment_Integration/src/controllers/payment.controller.ts(24,26): error TS2307: Cannot find module '../enums/user-role.enum' or its corresponding type declarations.
Module_03_Payment_Integration/src/controllers/reconciliation.controller.ts(25,26): error TS2307: Cannot find module '../../../Module_12_Administration/code/enums/user-role.enum' or its corresponding type declarations.
Module_03_Payment_Integration/src/controllers/refund.controller.ts(25,26): error TS2307: Cannot find module '../enums/user-role.enum' or its corresponding type declarations.
Module_03_Payment_Integration/src/controllers/settlement.controller.ts(25,26): error TS2307: Cannot find module '../enums/user-role.enum' or its corresponding type declarations.
Module_03_Payment_Integration/src/entities/index.ts(6,1): error TS2308: Module './payment-transaction.entity' has already exported a member named 'PaymentMethodType'. Consider explicitly re-exporting to resolve the ambiguity.
Module_03_Payment_Integration/src/entities/index.ts(16,1): error TS2308: Module './settlement.entity' has already exported a member named 'GatewayType'. Consider explicitly re-exporting to resolve the ambiguity.
Module_03_Payment_Integration/src/entities/index.ts(16,1): error TS2308: Module './settlement.entity' has already exported a member named 'ReconciliationStatus'. Consider explicitly re-exporting to resolve the ambiguity.
Module_03_Payment_Integration/src/payment.module.ts(3,38): error TS2307: Cannot find module '../../Module_12_Administration/administration.module' or its corresponding type declarations.
Module_03_Payment_Integration/src/payment.module.ts(7,9): error TS2304: Cannot find name 'ConfigModule'.
Module_03_Payment_Integration/src/payment.module.ts(8,9): error TS2304: Cannot find name 'ScheduleModule'.
Module_03_Payment_Integration/src/payment.module.ts(9,35): error TS2304: Cannot find name 'PaymentTransaction'.
Module_03_Payment_Integration/src/payment.module.ts(9,55): error TS2304: Cannot find name 'PaymentMethod'.
Module_03_Payment_Integration/src/payment.module.ts(9,70): error TS2304: Cannot find name 'PaymentLog'.
Module_03_Payment_Integration/src/payment.module.ts(9,82): error TS2304: Cannot find name 'GatewayConfig'.
Module_03_Payment_Integration/src/payment.module.ts(9,97): error TS2304: Cannot find name 'Refund'.
Module_03_Payment_Integration/src/payment.module.ts(9,105): error TS2304: Cannot find name 'InstallmentPlan'.
Module_03_Payment_Integration/src/payment.module.ts(9,122): error TS2304: Cannot find name 'Installment'.
Module_03_Payment_Integration/src/payment.module.ts(9,135): error TS2304: Cannot find name 'PaymentIncentive'.
Module_03_Payment_Integration/src/payment.module.ts(9,153): error TS2304: Cannot find name 'PaymentLink'.
Module_03_Payment_Integration/src/payment.module.ts(9,166): error TS2304: Cannot find name 'Settlement'.
Module_03_Payment_Integration/src/payment.module.ts(9,178): error TS2304: Cannot find name 'SettlementItem'.
Module_03_Payment_Integration/src/payment.module.ts(9,194): error TS2304: Cannot find name 'ReconciliationRecord'.
Module_03_Payment_Integration/src/payment.module.ts(9,216): error TS2304: Cannot find name 'Dispute'.
Module_03_Payment_Integration/src/payment.module.ts(9,225): error TS2304: Cannot find name 'VirtualAccount'.
Module_03_Payment_Integration/src/payment.module.ts(10,26): error TS2304: Cannot find name 'InvoiceModule'.
Module_03_Payment_Integration/src/payment.module.ts(11,9): error TS2304: Cannot find name 'CommonModule'.
Module_03_Payment_Integration/src/payment.module.ts(15,9): error TS2304: Cannot find name 'PaymentController'.
Module_03_Payment_Integration/src/payment.module.ts(16,9): error TS2304: Cannot find name 'WebhookController'.
Module_03_Payment_Integration/src/payment.module.ts(17,9): error TS2304: Cannot find name 'GatewayController'.
Module_03_Payment_Integration/src/payment.module.ts(18,9): error TS2304: Cannot find name 'RefundController'.
Module_03_Payment_Integration/src/payment.module.ts(19,9): error TS2304: Cannot find name 'PaymentLinkController'.
Module_03_Payment_Integration/src/payment.module.ts(20,9): error TS2304: Cannot find name 'SettlementController'.
Module_03_Payment_Integration/src/payment.module.ts(21,9): error TS2304: Cannot find name 'ReconciliationController'.
Module_03_Payment_Integration/src/payment.module.ts(22,9): error TS2304: Cannot find name 'AnalyticsController'.
Module_03_Payment_Integration/src/payment.module.ts(23,9): error TS2304: Cannot find name 'DisputeController'.
Module_03_Payment_Integration/src/payment.module.ts(24,9): error TS2304: Cannot find name 'VirtualAccountController'.
Module_03_Payment_Integration/src/payment.module.ts(27,9): error TS2304: Cannot find name 'RazorpayService'.
Module_03_Payment_Integration/src/payment.module.ts(28,9): error TS2304: Cannot find name 'PaymentService'.
Module_03_Payment_Integration/src/payment.module.ts(29,9): error TS2304: Cannot find name 'PaymentGatewayFactory'.
Module_03_Payment_Integration/src/payment.module.ts(30,9): error TS2304: Cannot find name 'RazorpayGatewayService'.
Module_03_Payment_Integration/src/payment.module.ts(31,9): error TS2304: Cannot find name 'StripeGatewayService'.
Module_03_Payment_Integration/src/payment.module.ts(32,9): error TS2304: Cannot find name 'PayUGatewayService'.
Module_03_Payment_Integration/src/payment.module.ts(33,9): error TS2304: Cannot find name 'RefundService'.
Module_03_Payment_Integration/src/payment.module.ts(34,9): error TS2304: Cannot find name 'InstallmentService'.
Module_03_Payment_Integration/src/payment.module.ts(35,9): error TS2304: Cannot find name 'IncentiveService'.
Module_03_Payment_Integration/src/payment.module.ts(36,9): error TS2304: Cannot find name 'PaymentLinkService'.
Module_03_Payment_Integration/src/payment.module.ts(37,9): error TS2304: Cannot find name 'QRCodeService'.
Module_03_Payment_Integration/src/payment.module.ts(38,9): error TS2304: Cannot find name 'SettlementService'.
Module_03_Payment_Integration/src/payment.module.ts(39,9): error TS2304: Cannot find name 'ReconciliationService'.
Module_03_Payment_Integration/src/payment.module.ts(40,9): error TS2304: Cannot find name 'PaymentAnalyticsService'.
Module_03_Payment_Integration/src/payment.module.ts(41,9): error TS2304: Cannot find name 'DisputeService'.
Module_03_Payment_Integration/src/payment.module.ts(42,9): error TS2304: Cannot find name 'VirtualAccountService'.
Module_03_Payment_Integration/src/payment.module.ts(44,15): error TS2304: Cannot find name 'PaymentService'.
Module_03_Payment_Integration/src/services/dispute.service.ts(80,62): error TS2339: Property 'metadata' does not exist on type 'PaymentTransaction'.
Module_03_Payment_Integration/src/services/dispute.service.ts(81,60): error TS2339: Property 'metadata' does not exist on type 'PaymentTransaction'.
Module_03_Payment_Integration/src/services/dispute.service.ts(93,13): error TS2322: Type '"DISPUTE_CREATED"' is not assignable to type 'AuditAction'.
Module_03_Payment_Integration/src/services/dispute.service.ts(143,13): error TS2322: Type '"DISPUTE_EVIDENCE_SUBMITTED"' is not assignable to type 'AuditAction'.
Module_03_Payment_Integration/src/services/dispute.service.ts(192,13): error TS2322: Type '"DISPUTE_STATUS_UPDATED"' is not assignable to type 'AuditAction'.
Module_03_Payment_Integration/src/services/dispute.service.ts(228,13): error TS2322: Type '"DISPUTE_ASSIGNED"' is not assignable to type 'AuditAction'.
Module_03_Payment_Integration/src/services/dispute.service.ts(363,17): error TS2353: Object literal may only specify known properties, and 'template' does not exist in type 'EmailData'.
Module_03_Payment_Integration/src/services/dispute.service.ts(386,17): error TS2353: Object literal may only specify known properties, and 'template' does not exist in type 'EmailData'.
Module_03_Payment_Integration/src/services/gateways/stripe-gateway.service.ts(3,20): error TS2307: Cannot find module 'stripe' or its corresponding type declarations.
Module_03_Payment_Integration/src/services/incentive.service.ts(47,13): error TS2322: Type '"INCENTIVE_CREATED"' is not assignable to type 'AuditAction'.
Module_03_Payment_Integration/src/services/incentive.service.ts(258,13): error TS2322: Type '"INCENTIVE_UPDATED"' is not assignable to type 'AuditAction'.
Module_03_Payment_Integration/src/services/incentive.service.ts(277,13): error TS2322: Type '"INCENTIVE_DELETED"' is not assignable to type 'AuditAction'.
Module_03_Payment_Integration/src/services/installment.service.ts(82,13): error TS2322: Type '"INSTALLMENT_PLAN_CREATED"' is not assignable to type 'AuditAction'.
Module_03_Payment_Integration/src/services/installment.service.ts(362,13): error TS2322: Type '"INSTALLMENT_PLAN_CANCELLED"' is not assignable to type 'AuditAction'.
Module_03_Payment_Integration/src/services/payment-analytics.service.ts(70,17): error TS2322: Type '"success"' is not assignable to type 'TransactionStatus | FindOperator<TransactionStatus>'.
Module_03_Payment_Integration/src/services/payment-analytics.service.ts(87,17): error TS2322: Type '"success"' is not assignable to type 'TransactionStatus | FindOperator<TransactionStatus>'.
Module_03_Payment_Integration/src/services/payment-analytics.service.ts(119,54): error TS2367: This comparison appears to be unintentional because the types 'TransactionStatus' and '"success"' have no overlap.
Module_03_Payment_Integration/src/services/payment-analytics.service.ts(121,51): error TS2367: This comparison appears to be unintentional because the types 'TransactionStatus' and '"pending"' have no overlap.
Module_03_Payment_Integration/src/services/payment-analytics.service.ts(271,17): error TS2322: Type '"success"' is not assignable to type 'TransactionStatus | FindOperator<TransactionStatus>'.
Module_03_Payment_Integration/src/services/payment-analytics.service.ts(395,17): error TS2322: Type '"failed"' is not assignable to type 'TransactionStatus | FindOperator<TransactionStatus>'.
Module_03_Payment_Integration/src/services/payment-analytics.service.ts(404,31): error TS2339: Property 'metadata' does not exist on type 'PaymentTransaction'.
Module_03_Payment_Integration/src/services/payment-link.service.ts(99,13): error TS2322: Type '"PAYMENT_LINK_CREATED"' is not assignable to type 'AuditAction'.
Module_03_Payment_Integration/src/services/payment-link.service.ts(220,13): error TS2322: Type '"PAYMENT_LINK_CANCELLED"' is not assignable to type 'AuditAction'.
Module_03_Payment_Integration/src/services/payment.service.spec.ts(76,42): error TS2339: Property 'create' does not exist on type 'PaymentService'.
Module_03_Payment_Integration/src/services/payment.service.spec.ts(94,25): error TS2339: Property 'create' does not exist on type 'PaymentService'.
Module_03_Payment_Integration/src/services/payment.service.spec.ts(114,42): error TS2339: Property 'confirm' does not exist on type 'PaymentService'.
Module_03_Payment_Integration/src/services/payment.service.spec.ts(126,42): error TS2339: Property 'getByInvoice' does not exist on type 'PaymentService'.
Module_03_Payment_Integration/src/services/payment.service.spec.ts(143,41): error TS2339: Property 'getStatistics' does not exist on type 'PaymentService'.
Module_03_Payment_Integration/src/services/payment.service.ts(6,74): error TS2307: Cannot find module '../dto' or its corresponding type declarations.
Module_03_Payment_Integration/src/services/payment.service.ts(72,60): error TS2769: No overload matches this call.
  Overload 1 of 3, '(entityLikeArray: DeepPartial<PaymentTransaction>[]): PaymentTransaction[]', gave the following error.
    Object literal may only specify known properties, and 'tenantId' does not exist in type 'DeepPartial<PaymentTransaction>[]'.
  Overload 2 of 3, '(entityLike: DeepPartial<PaymentTransaction>): PaymentTransaction', gave the following error.
    Object literal may only specify known properties, and 'gatewayType' does not exist in type 'DeepPartial<PaymentTransaction>'.
Module_03_Payment_Integration/src/services/payment.service.ts(92,17): error TS2322: Type '"PAYMENT_INITIATED"' is not assignable to type 'AuditAction'.
Module_03_Payment_Integration/src/services/payment.service.ts(137,25): error TS2339: Property 'gatewayType' does not exist on type 'PaymentTransaction'.
Module_03_Payment_Integration/src/services/payment.service.ts(167,37): error TS2339: Property 'gatewayType' does not exist on type 'PaymentTransaction'.
Module_03_Payment_Integration/src/services/payment.service.ts(184,13): error TS2322: Type '"PAYMENT_VERIFIED"' is not assignable to type 'AuditAction'.
Module_03_Payment_Integration/src/services/payment.service.ts(190,38): error TS2339: Property 'gatewayType' does not exist on type 'PaymentTransaction'.
Module_03_Payment_Integration/src/services/payment.service.ts(200,34): error TS2339: Property 'gatewayType' does not exist on type 'PaymentTransaction'.
Module_03_Payment_Integration/src/services/qrcode.service.ts(2,25): error TS2307: Cannot find module 'qrcode' or its corresponding type declarations.
Module_03_Payment_Integration/src/services/reconciliation.service.ts(100,17): error TS2322: Type '"RECONCILIATION_COMPLETED"' is not assignable to type 'AuditAction'.
Module_03_Payment_Integration/src/services/reconciliation.service.ts(366,13): error TS2322: Type '"MANUAL_RECONCILIATION"' is not assignable to type 'AuditAction'.
Module_03_Payment_Integration/src/services/refund.service.ts(97,13): error TS2322: Type '"REFUND_INITIATED"' is not assignable to type 'AuditAction'.
Module_03_Payment_Integration/src/services/refund.service.ts(143,13): error TS2322: Type '"REFUND_APPROVED"' is not assignable to type 'AuditAction'.
Module_03_Payment_Integration/src/services/refund.service.ts(187,13): error TS2322: Type '"REFUND_REJECTED"' is not assignable to type 'AuditAction'.
Module_03_Payment_Integration/src/services/refund.service.ts(219,36): error TS2339: Property 'gatewayType' does not exist on type 'PaymentTransaction'.
Module_03_Payment_Integration/src/services/settlement.service.ts(85,13): error TS2322: Type '"SETTLEMENT_CREATED"' is not assignable to type 'AuditAction'.
Module_03_Payment_Integration/src/services/settlement.service.ts(215,13): error TS2322: Type '"SETTLEMENT_STATUS_UPDATED"' is not assignable to type 'AuditAction'.
Module_03_Payment_Integration/src/services/settlement.service.ts(275,17): error TS2322: Type '"success"' is not assignable to type 'TransactionStatus | FindOperator<TransactionStatus>'.
Module_03_Payment_Integration/src/services/settlement.service.ts(302,58): error TS2339: Property 'getGatewayByType' does not exist on type 'PaymentGatewayFactory'.
Module_04_Analytics_Reporting/code/analytics.module.ts(13,44): error TS2307: Cannot find module './services/predictive-analytics.service' or its corresponding type declarations.
Module_04_Analytics_Reporting/code/controllers/analytics.controller.ts(15,30): error TS2307: Cannot find module '@common/guards/jwt-auth.guard' or its corresponding type declarations.
Module_04_Analytics_Reporting/code/services/analytics.service.ts(30,40): error TS2339: Property 'getDashboardMetrics' does not exist on type 'DashboardService'.
Module_04_Analytics_Reporting/code/services/analytics.service.ts(45,43): error TS2339: Property 'getForecast' does not exist on type 'CashFlowForecastingService'.
Module_04_Analytics_Reporting/code/services/analytics.service.ts(93,39): error TS2339: Property 'getForecast' does not exist on type 'CashFlowForecastingService'.
Module_04_Analytics_Reporting/code/services/analytics.service.ts(100,40): error TS2339: Property 'getKPIs' does not exist on type 'DashboardService'.
Module_04_Analytics_Reporting/code/services/dashboard.service.ts(217,9): error TS2740: Type 'CashFlowSnapshot[]' is missing the following properties from type 'CashFlowSnapshot': id, tenantId, snapshotDate, totalReceivables, and 8 more.
Module_04_Analytics_Reporting/src/config/clickhouse.config.ts(3,28): error TS2307: Cannot find module 'clickhouse' or its corresponding type declarations.
Module_04_Analytics_Reporting/src/controllers/__tests__/anomaly-detection.controller.spec.ts(56,39): error TS2339: Property 'NEW' does not exist on type 'typeof AnomalyStatus'.
Module_04_Analytics_Reporting/src/controllers/__tests__/anomaly-detection.controller.spec.ts(102,39): error TS2339: Property 'NEW' does not exist on type 'typeof AnomalyStatus'.
Module_04_Analytics_Reporting/src/controllers/__tests__/anomaly-detection.controller.spec.ts(118,39): error TS2339: Property 'NEW' does not exist on type 'typeof AnomalyStatus'.
Module_04_Analytics_Reporting/src/controllers/__tests__/dashboard-management.controller.spec.ts(162,70): error TS2345: Argument of type '{ sharedWith: string[]; }' is not assignable to parameter of type 'ShareDashboardDto'.
  Types of property 'sharedWith' are incompatible.
    Type 'string[]' is not assignable to type 'ShareWithDto[]'.
      Type 'string' is not assignable to type 'ShareWithDto'.
Module_04_Analytics_Reporting/src/controllers/__tests__/report.controller.spec.ts(90,27): error TS2339: Property 'id' does not exist on type 'ReportTemplateEntity[]'.
Module_04_Analytics_Reporting/src/controllers/analytics.controller.ts(7,26): error TS2307: Cannot find module '../../../Module_03_Payment_Integration/src/enums/user-role.enum' or its corresponding type declarations.
Module_04_Analytics_Reporting/src/controllers/dashboard-management.controller.ts(64,13): error TS2345: Argument of type 'CreateDashboardDto' is not assignable to parameter of type 'Partial<DashboardEntity>'.
  The types of 'layoutConfig.rows' are incompatible between these types.
    Type 'number | "auto"' is not assignable to type 'number'.
      Type 'string' is not assignable to type 'number'.
Module_04_Analytics_Reporting/src/controllers/dashboard-management.controller.ts(146,13): error TS2345: Argument of type 'UpdateDashboardDto' is not assignable to parameter of type 'Partial<DashboardEntity>'.
  The types of 'layoutConfig.rows' are incompatible between these types.
    Type 'number | "auto"' is not assignable to type 'number'.
      Type 'string' is not assignable to type 'number'.
Module_04_Analytics_Reporting/src/services/__tests__/anomaly-notification.service.spec.ts(3,37): error TS2307: Cannot find module '../../../Module_11_Common/src/services/notification.service' or its corresponding type declarations.
Module_04_Analytics_Reporting/src/services/__tests__/anomaly-scheduler.service.spec.ts(74,35): error TS2339: Property 'returnThis' does not exist on type 'Mock<any, any, any>'.
Module_04_Analytics_Reporting/src/services/__tests__/anomaly-scheduler.service.spec.ts(75,34): error TS2339: Property 'returnThis' does not exist on type 'Mock<any, any, any>'.
Module_04_Analytics_Reporting/src/services/__tests__/anomaly-scheduler.service.spec.ts(89,35): error TS2339: Property 'returnThis' does not exist on type 'Mock<any, any, any>'.
Module_04_Analytics_Reporting/src/services/__tests__/anomaly-scheduler.service.spec.ts(107,35): error TS2339: Property 'returnThis' does not exist on type 'Mock<any, any, any>'.
Module_04_Analytics_Reporting/src/services/__tests__/anomaly-scheduler.service.spec.ts(108,34): error TS2339: Property 'returnThis' does not exist on type 'Mock<any, any, any>'.
Module_04_Analytics_Reporting/src/services/__tests__/anomaly-scheduler.service.spec.ts(109,37): error TS2339: Property 'returnThis' does not exist on type 'Mock<any, any, any>'.
Module_04_Analytics_Reporting/src/services/__tests__/anomaly-scheduler.service.spec.ts(124,35): error TS2339: Property 'returnThis' does not exist on type 'Mock<any, any, any>'.
Module_04_Analytics_Reporting/src/services/__tests__/dashboard-collaboration.service.spec.ts(72,34): error TS2339: Property 'returnThis' does not exist on type 'Mock<any, any, any>'.
Module_04_Analytics_Reporting/src/services/__tests__/dashboard-collaboration.service.spec.ts(73,36): error TS2339: Property 'returnThis' does not exist on type 'Mock<any, any, any>'.
Module_04_Analytics_Reporting/src/services/__tests__/dashboard-collaboration.service.spec.ts(74,37): error TS2339: Property 'returnThis' does not exist on type 'Mock<any, any, any>'.
Module_04_Analytics_Reporting/src/services/__tests__/scheduled-reports.service.spec.ts(6,37): error TS2307: Cannot find module '../../../Module_11_Common/src/services/notification.service' or its corresponding type declarations.
Module_04_Analytics_Reporting/src/services/anomaly-notification.service.ts(204,21): error TS2353: Object literal may only specify known properties, and 'body' does not exist in type 'EmailData'.
Module_04_Analytics_Reporting/src/services/anomaly-notification.service.ts(244,21): error TS2322: Type 'string[]' is not assignable to type 'string'.
Module_04_Analytics_Reporting/src/services/dashboard-management.service.ts(291,9): error TS2322: Type '{ userId?: string; roleId?: string; permissions: string[]; }[]' is not assignable to type '{ userId?: string; roleId?: string; permissions: ("view" | "admin" | "edit")[]; }[]'.
  Type '{ userId?: string; roleId?: string; permissions: string[]; }' is not assignable to type '{ userId?: string; roleId?: string; permissions: ("view" | "admin" | "edit")[]; }'.
    Types of property 'permissions' are incompatible.
      Type 'string[]' is not assignable to type '("view" | "admin" | "edit")[]'.
        Type 'string' is not assignable to type '"view" | "admin" | "edit"'.
Module_04_Analytics_Reporting/src/services/report-generator.service.ts(5,26): error TS2307: Cannot find module 'exceljs' or its corresponding type declarations.
Module_04_Analytics_Reporting/src/services/report-generator.service.ts(6,24): error TS2307: Cannot find module 'json2csv' or its corresponding type declarations.
Module_04_Analytics_Reporting/src/services/report-scheduling.service.ts(77,55): error TS2554: Expected 3 arguments, but got 1.
Module_04_Analytics_Reporting/src/services/report.service.ts(70,29): error TS2339: Property 'AGING' does not exist on type 'typeof ReportType'.
Module_04_Analytics_Reporting/src/services/report.service.ts(72,29): error TS2339: Property 'REVENUE' does not exist on type 'typeof ReportType'.
Module_04_Analytics_Reporting/src/services/scheduled-reports.service.ts(30,19): error TS2393: Duplicate function implementation.
Module_04_Analytics_Reporting/src/services/scheduled-reports.service.ts(46,29): error TS2353: Object literal may only specify known properties, and 'path' does not exist in type 'EmailAttachment'.
Module_04_Analytics_Reporting/src/services/scheduled-reports.service.ts(198,19): error TS2393: Duplicate function implementation.
Module_05_Milestone_Workflows/code/controllers/smart-recovery.controller.ts(16,30): error TS2307: Cannot find module '@common/guards/jwt-auth.guard' or its corresponding type declarations.
Module_05_Milestone_Workflows/src/controllers/__tests__/milestone.controller.spec.ts(3,44): error TS2307: Cannot find module '../milestone-definition.service' or its corresponding type declarations.
Module_05_Milestone_Workflows/src/controllers/__tests__/milestone.controller.spec.ts(42,47): error TS2339: Property 'create' does not exist on type 'MilestoneController'.
Module_05_Milestone_Workflows/src/controllers/__tests__/milestone.controller.spec.ts(54,47): error TS2339: Property 'findOne' does not exist on type 'MilestoneController'.
Module_05_Milestone_Workflows/src/controllers/__tests__/milestone.controller.spec.ts(65,47): error TS2339: Property 'findAll' does not exist on type 'MilestoneController'.
Module_05_Milestone_Workflows/src/controllers/__tests__/milestone.controller.spec.ts(76,47): error TS2339: Property 'update' does not exist on type 'MilestoneController'.
Module_05_Milestone_Workflows/src/controllers/__tests__/milestone.controller.spec.ts(86,30): error TS2339: Property 'remove' does not exist on type 'MilestoneController'.
Module_05_Milestone_Workflows/src/controllers/evidence.controller.ts(51,39): error TS2694: Namespace 'global.Express' has no exported member 'Multer'.
Module_05_Milestone_Workflows/src/controllers/evidence.controller.ts(155,43): error TS2551: Property 'validateMilestoneEvidenceCompleteness' does not exist on type 'EvidenceCollectionService'. Did you mean 'validateEvidenceCompleteness'?
Module_05_Milestone_Workflows/src/controllers/milestone.controller.ts(13,44): error TS2307: Cannot find module '../services' or its corresponding type declarations.
Module_05_Milestone_Workflows/src/controllers/payment.controller.ts(10,41): error TS2307: Cannot find module '../services' or its corresponding type declarations.
Module_05_Milestone_Workflows/src/controllers/status.controller.ts(12,39): error TS2307: Cannot find module '../services' or its corresponding type declarations.
Module_05_Milestone_Workflows/src/services/__tests__/escalation.service.spec.ts(5,28): error TS2307: Cannot find module '../../entities/escalation.entity' or its corresponding type declarations.
Module_05_Milestone_Workflows/src/services/__tests__/escalation.service.spec.ts(50,42): error TS2341: Property 'createEscalation' is private and only accessible within class 'EscalationService'.
Module_05_Milestone_Workflows/src/services/__tests__/escalation.service.spec.ts(50,42): error TS2554: Expected 3 arguments, but got 2.
Module_05_Milestone_Workflows/src/services/__tests__/escalation.service.spec.ts(53,27): error TS2339: Property 'level' does not exist on type 'MilestoneEscalation'.
Module_05_Milestone_Workflows/src/services/__tests__/escalation.service.spec.ts(68,42): error TS2339: Property 'checkAndEscalate' does not exist on type 'EscalationService'.
Module_05_Milestone_Workflows/src/services/__tests__/escalation.service.spec.ts(80,42): error TS2339: Property 'assignEscalation' does not exist on type 'EscalationService'.
Module_05_Milestone_Workflows/src/services/__tests__/escalation.service.spec.ts(99,42): error TS2339: Property 'assignEscalation' does not exist on type 'EscalationService'.
Module_05_Milestone_Workflows/src/services/__tests__/escalation.service.spec.ts(111,42): error TS2554: Expected 4 arguments, but got 3.
Module_05_Milestone_Workflows/src/services/__tests__/escalation.service.spec.ts(113,27): error TS2339: Property 'status' does not exist on type 'MilestoneEscalation'.
Module_05_Milestone_Workflows/src/services/__tests__/escalation.service.spec.ts(114,27): error TS2551: Property 'resolvedAt' does not exist on type 'MilestoneEscalation'. Did you mean 'resolvedBy'?
Module_05_Milestone_Workflows/src/services/__tests__/escalation.service.spec.ts(127,42): error TS2339: Property 'getEscalationsByMilestone' does not exist on type 'EscalationService'.
Module_05_Milestone_Workflows/src/services/__tests__/escalation.service.spec.ts(139,25): error TS2339: Property 'checkAndEscalate' does not exist on type 'EscalationService'.
Module_05_Milestone_Workflows/src/services/__tests__/escalation.service.spec.ts(152,42): error TS2339: Property 'checkAndEscalate' does not exist on type 'EscalationService'.
Module_05_Milestone_Workflows/src/services/__tests__/evidence-collection.service.spec.ts(5,26): error TS2307: Cannot find module '../../entities/evidence.entity' or its corresponding type declarations.
Module_05_Milestone_Workflows/src/services/__tests__/evidence-collection.service.spec.ts(49,67): error TS2554: Expected 1 arguments, but got 2.
Module_05_Milestone_Workflows/src/services/__tests__/evidence-collection.service.spec.ts(52,27): error TS2551: Property 'filename' does not exist on type 'MilestoneEvidence'. Did you mean 'fileName'?
Module_05_Milestone_Workflows/src/services/__tests__/evidence-collection.service.spec.ts(63,64): error TS2554: Expected 1 arguments, but got 2.
Module_05_Milestone_Workflows/src/services/__tests__/evidence-collection.service.spec.ts(77,42): error TS2339: Property 'getEvidence' does not exist on type 'EvidenceCollectionService'.
Module_05_Milestone_Workflows/src/services/__tests__/evidence-collection.service.spec.ts(89,27): error TS2554: Expected 3 arguments, but got 2.
Module_05_Milestone_Workflows/src/services/__tests__/milestone-definition.service.spec.ts(46,46): error TS2339: Property 'DELIVERY' does not exist on type 'typeof MilestoneType'.
Module_05_Milestone_Workflows/src/services/__tests__/milestone-definition.service.spec.ts(51,35): error TS2551: Property 'mockReturvedValue' does not exist on type 'Mock<any, any, any>'. Did you mean 'mockReturnValue'?
Module_05_Milestone_Workflows/src/services/__tests__/milestone-definition.service.spec.ts(54,58): error TS2345: Argument of type '{ name: string; description: string; projectId: string; milestoneType: any; dependencies: any[]; }' is not assignable to parameter of type 'CreateMilestoneDefinitionDto'.
  Type '{ name: string; description: string; projectId: string; milestoneType: any; dependencies: any[]; }' is missing the following properties from type 'CreateMilestoneDefinitionDto': plannedStartDate, plannedEndDate
Module_05_Milestone_Workflows/src/services/__tests__/milestone-definition.service.spec.ts(74,58): error TS2345: Argument of type '{ name: string; description: string; projectId: string; milestoneType: MilestoneType; dependencies: string[]; }' is not assignable to parameter of type 'CreateMilestoneDefinitionDto'.
  Type '{ name: string; description: string; projectId: string; milestoneType: MilestoneType; dependencies: string[]; }' is missing the following properties from type 'CreateMilestoneDefinitionDto': plannedStartDate, plannedEndDate
Module_05_Milestone_Workflows/src/services/__tests__/milestone-definition.service.spec.ts(154,34): error TS2339: Property 'returnThis' does not exist on type 'Mock<any, any, any>'.
Module_05_Milestone_Workflows/src/services/__tests__/milestone-definition.service.spec.ts(155,37): error TS2339: Property 'returnThis' does not exist on type 'Mock<any, any, any>'.
Module_05_Milestone_Workflows/src/services/__tests__/milestone-definition.service.spec.ts(156,46): error TS2339: Property 'returnThis' does not exist on type 'Mock<any, any, any>'.
Module_05_Milestone_Workflows/src/services/__tests__/milestone-definition.service.spec.ts(170,34): error TS2339: Property 'returnThis' does not exist on type 'Mock<any, any, any>'.
Module_05_Milestone_Workflows/src/services/__tests__/milestone-definition.service.spec.ts(171,37): error TS2339: Property 'returnThis' does not exist on type 'Mock<any, any, any>'.
Module_05_Milestone_Workflows/src/services/__tests__/milestone-definition.service.spec.ts(172,46): error TS2339: Property 'returnThis' does not exist on type 'Mock<any, any, any>'.
Module_05_Milestone_Workflows/src/services/__tests__/milestone-definition.service.spec.ts(187,34): error TS2339: Property 'returnThis' does not exist on type 'Mock<any, any, any>'.
Module_05_Milestone_Workflows/src/services/__tests__/milestone-definition.service.spec.ts(188,37): error TS2339: Property 'returnThis' does not exist on type 'Mock<any, any, any>'.
Module_05_Milestone_Workflows/src/services/__tests__/milestone-definition.service.spec.ts(189,46): error TS2339: Property 'returnThis' does not exist on type 'Mock<any, any, any>'.
Module_05_Milestone_Workflows/src/services/__tests__/milestone-definition.service.spec.ts(195,78): error TS2339: Property 'DELIVERY' does not exist on type 'typeof MilestoneType'.
Module_05_Milestone_Workflows/src/services/__tests__/milestone-definition.service.spec.ts(251,25): error TS2341: Property 'validateDependencies' is private and only accessible within class 'MilestoneDefinitionService'.
Module_05_Milestone_Workflows/src/services/__tests__/milestone-definition.service.spec.ts(265,25): error TS2341: Property 'validateDependencies' is private and only accessible within class 'MilestoneDefinitionService'.
Module_05_Milestone_Workflows/src/services/__tests__/milestone-definition.service.spec.ts(280,25): error TS2341: Property 'validateDependencies' is private and only accessible within class 'MilestoneDefinitionService'.
Module_05_Milestone_Workflows/src/services/__tests__/status-probing.service.spec.ts(5,29): error TS2307: Cannot find module '../../entities/status-probe.entity' or its corresponding type declarations.
Module_05_Milestone_Workflows/src/services/__tests__/status-probing.service.spec.ts(48,42): error TS2339: Property 'probeStatus' does not exist on type 'StatusProbingService'.
Module_05_Milestone_Workflows/src/services/__tests__/status-probing.service.spec.ts(61,42): error TS2339: Property 'probeStatus' does not exist on type 'StatusProbingService'.
Module_05_Milestone_Workflows/src/services/__tests__/status-probing.service.spec.ts(77,42): error TS2339: Property 'getStatusHistory' does not exist on type 'StatusProbingService'.
Module_05_Milestone_Workflows/src/services/__tests__/status-probing.service.spec.ts(89,42): error TS2339: Property 'probeStatus' does not exist on type 'StatusProbingService'.
Module_05_Milestone_Workflows/src/services/__tests__/workflow-design.service.spec.ts(5,34): error TS2307: Cannot find module '../../entities/workflow-template.entity' or its corresponding type declarations.
Module_05_Milestone_Workflows/src/services/__tests__/workflow-design.service.spec.ts(49,42): error TS2339: Property 'createWorkflow' does not exist on type 'WorkflowDesignService'.
Module_05_Milestone_Workflows/src/services/__tests__/workflow-design.service.spec.ts(65,25): error TS2339: Property 'createWorkflow' does not exist on type 'WorkflowDesignService'.
Module_05_Milestone_Workflows/src/services/__tests__/workflow-design.service.spec.ts(82,42): error TS2339: Property 'cloneWorkflow' does not exist on type 'WorkflowDesignService'.
Module_05_Milestone_Workflows/src/services/__tests__/workflow-design.service.spec.ts(95,42): error TS2339: Property 'updateWorkflow' does not exist on type 'WorkflowDesignService'.
Module_05_Milestone_Workflows/src/services/__tests__/workflow-design.service.spec.ts(114,42): error TS2339: Property 'updateWorkflow' does not exist on type 'WorkflowDesignService'.
Module_05_Milestone_Workflows/src/services/__tests__/workflow-design.service.spec.ts(132,42): error TS2339: Property 'validateWorkflow' does not exist on type 'WorkflowDesignService'.
Module_05_Milestone_Workflows/src/services/__tests__/workflow-design.service.spec.ts(147,42): error TS2339: Property 'validateWorkflow' does not exist on type 'WorkflowDesignService'.
Module_05_Milestone_Workflows/src/services/__tests__/workflow-design.service.spec.ts(162,42): error TS2339: Property 'validateWorkflow' does not exist on type 'WorkflowDesignService'.
Module_05_Milestone_Workflows/src/services/__tests__/workflow-design.service.spec.ts(178,44): error TS2339: Property 'executeWorkflow' does not exist on type 'WorkflowDesignService'.
Module_05_Milestone_Workflows/src/services/__tests__/workflow-design.service.spec.ts(192,42): error TS2339: Property 'completeStage' does not exist on type 'WorkflowDesignService'.
Module_05_Milestone_Workflows/src/services/__tests__/workflow-design.service.spec.ts(206,42): error TS2339: Property 'validateWorkflow' does not exist on type 'WorkflowDesignService'.
Module_05_Milestone_Workflows/src/services/__tests__/workflow-design.service.spec.ts(220,42): error TS2339: Property 'validateWorkflow' does not exist on type 'WorkflowDesignService'.
Module_05_Milestone_Workflows/src/services/__tests__/workflow-design.service.spec.ts(233,25): error TS2339: Property 'completeStage' does not exist on type 'WorkflowDesignService'.
Module_05_Milestone_Workflows/src/services/escalation-analytics.service.ts(168,22): error TS2353: Object literal may only specify known properties, and 'tenantId' does not exist in type 'FindOptionsWhere<MilestoneEscalation> | FindOptionsWhere<MilestoneEscalation>[]'.
Module_05_Milestone_Workflows/src/services/escalation-analytics.service.ts(171,57): error TS2339: Property 'status' does not exist on type 'MilestoneEscalation'.
Module_05_Milestone_Workflows/src/services/escalation-analytics.service.ts(175,36): error TS2339: Property 'status' does not exist on type 'MilestoneEscalation'.
Module_05_Milestone_Workflows/src/services/escalation.service.ts(5,31): error TS2724: '"../entities/milestone-escalation.entity"' has no exported member named 'EscalationStatus'. Did you mean 'ResolutionStatus'?
Module_05_Milestone_Workflows/src/services/escalation.service.ts(95,55): error TS2339: Property 'plannedEndDate' does not exist on type 'MilestoneInstance'.
Module_05_Milestone_Workflows/src/services/escalation.service.ts(101,17): error TS2353: Object literal may only specify known properties, and 'status' does not exist in type 'FindOptionsWhere<MilestoneEscalation> | FindOptionsWhere<MilestoneEscalation>[]'.
Module_05_Milestone_Workflows/src/services/escalation.service.ts(128,48): error TS2769: No overload matches this call.
  Overload 1 of 3, '(entityLikeArray: DeepPartial<MilestoneEscalation>[]): MilestoneEscalation[]', gave the following error.
    Object literal may only specify known properties, and 'milestoneInstanceId' does not exist in type 'DeepPartial<MilestoneEscalation>[]'.
  Overload 2 of 3, '(entityLike: DeepPartial<MilestoneEscalation>): MilestoneEscalation', gave the following error.
    Type '`Milestone delayed by ${number} days`' is not assignable to type 'EscalationReason'.
Module_05_Milestone_Workflows/src/services/escalation.service.ts(141,59): error TS2345: Argument of type 'MilestoneEscalation[]' is not assignable to parameter of type 'MilestoneEscalation'.
  Type 'MilestoneEscalation[]' is missing the following properties from type 'MilestoneEscalation': id, milestoneInstanceId, escalationLevel, escalationReason, and 11 more.
Module_05_Milestone_Workflows/src/services/escalation.service.ts(143,9): error TS2740: Type 'MilestoneEscalation[]' is missing the following properties from type 'MilestoneEscalation': id, milestoneInstanceId, escalationLevel, escalationReason, and 11 more.
Module_05_Milestone_Workflows/src/services/escalation.service.ts(159,27): error TS2339: Property 'status' does not exist on type 'MilestoneEscalation'.
Module_05_Milestone_Workflows/src/services/escalation.service.ts(246,45): error TS2353: Object literal may only specify known properties, and 'tenantId' does not exist in type 'FindOptionsWhere<MilestoneEscalation> | FindOptionsWhere<MilestoneEscalation>[]'.
Module_05_Milestone_Workflows/src/services/escalation.service.ts(275,40): error TS2353: Object literal may only specify known properties, and 'tenantId' does not exist in type 'FindOptionsWhere<MilestoneEscalation> | FindOptionsWhere<MilestoneEscalation>[]'.
Module_05_Milestone_Workflows/src/services/escalation.service.ts(282,20): error TS2339: Property 'status' does not exist on type 'MilestoneEscalation'.
Module_05_Milestone_Workflows/src/services/escalation.service.ts(307,52): error TS2339: Property 'status' does not exist on type 'MilestoneEscalation'.
Module_05_Milestone_Workflows/src/services/escalation.service.ts(308,48): error TS2339: Property 'status' does not exist on type 'MilestoneEscalation'.
Module_05_Milestone_Workflows/src/services/escalation.service.ts(309,53): error TS2339: Property 'status' does not exist on type 'MilestoneEscalation'.
Module_05_Milestone_Workflows/src/services/escalation.service.ts(325,63): error TS2339: Property 'status' does not exist on type 'MilestoneEscalation'.
Module_05_Milestone_Workflows/src/services/escalation.service.ts(388,55): error TS2339: Property 'plannedEndDate' does not exist on type 'MilestoneInstance'.
Module_05_Milestone_Workflows/src/services/escalation.service.ts(394,31): error TS2339: Property 'plannedEndDate' does not exist on type 'MilestoneInstance'.
Module_05_Milestone_Workflows/src/services/escalation.service.ts(401,28): error TS2339: Property 'slaDeadline' does not exist on type 'MilestoneEscalation'.
Module_05_Milestone_Workflows/src/services/evidence-collection.service.ts(51,23): error TS2694: Namespace 'global.Express' has no exported member 'Multer'.
Module_05_Milestone_Workflows/src/services/evidence-collection.service.ts(299,40): error TS2694: Namespace 'global.Express' has no exported member 'Multer'.
Module_05_Milestone_Workflows/src/services/milestone-analytics-export.service.ts(100,47): error TS2339: Property 'plannedEndDate' does not exist on type 'MilestoneInstance'.
Module_05_Milestone_Workflows/src/services/milestone-analytics-export.service.ts(103,34): error TS2339: Property 'name' does not exist on type 'MilestoneInstance'.
Module_05_Milestone_Workflows/src/services/milestone-analytics-export.service.ts(104,53): error TS2339: Property 'plannedStartDate' does not exist on type 'MilestoneInstance'.
Module_05_Milestone_Workflows/src/services/milestone-analytics-export.service.ts(104,73): error TS2339: Property 'plannedEndDate' does not exist on type 'MilestoneInstance'.
Module_05_Milestone_Workflows/src/services/milestone-analytics-export.service.ts(106,43): error TS2339: Property 'plannedEndDate' does not exist on type 'MilestoneInstance'.
Module_05_Milestone_Workflows/src/services/milestone-analytics-export.service.ts(130,32): error TS2353: Object literal may only specify known properties, and 'status' does not exist in type 'FindOptionsWhere<MilestoneInstance> | FindOptionsWhere<MilestoneInstance>[]'.
Module_05_Milestone_Workflows/src/services/milestone-analytics-export.service.ts(134,66): error TS2339: Property 'plannedEndDate' does not exist on type 'MilestoneInstance'.
Module_05_Milestone_Workflows/src/services/milestone-analytics-export.service.ts(139,34): error TS2339: Property 'name' does not exist on type 'MilestoneInstance'.
Module_05_Milestone_Workflows/src/services/milestone-analytics-export.service.ts(164,22): error TS2353: Object literal may only specify known properties, and 'tenantId' does not exist in type 'FindOptionsWhere<MilestoneEscalation> | FindOptionsWhere<MilestoneEscalation>[]'.
Module_05_Milestone_Workflows/src/services/milestone-analytics-export.service.ts(169,60): error TS2551: Property 'resolvedAt' does not exist on type 'MilestoneEscalation'. Did you mean 'resolvedBy'?
Module_05_Milestone_Workflows/src/services/milestone-analytics-export.service.ts(202,52): error TS2339: Property 'status' does not exist on type 'MilestoneInstance'.
Module_05_Milestone_Workflows/src/services/milestone-analytics-export.service.ts(203,53): error TS2339: Property 'status' does not exist on type 'MilestoneInstance'.
Module_05_Milestone_Workflows/src/services/milestone-analytics-export.service.ts(205,15): error TS2339: Property 'plannedEndDate' does not exist on type 'MilestoneInstance'.
Module_05_Milestone_Workflows/src/services/milestone-analytics-export.service.ts(205,48): error TS2339: Property 'status' does not exist on type 'MilestoneInstance'.
Module_05_Milestone_Workflows/src/services/milestone-analytics-export.service.ts(240,27): error TS2339: Property 'status' does not exist on type 'MilestoneInstance'.
Module_05_Milestone_Workflows/src/services/milestone-analytics-export.service.ts(275,52): error TS2339: Property 'status' does not exist on type 'MilestoneInstance'.
Module_05_Milestone_Workflows/src/services/milestone-analytics-export.service.ts(279,34): error TS2339: Property 'plannedEndDate' does not exist on type 'MilestoneInstance'.
Module_05_Milestone_Workflows/src/services/milestone-analytics-export.service.ts(289,52): error TS2551: Property 'resolvedAt' does not exist on type 'MilestoneEscalation'. Did you mean 'resolvedBy'?
Module_05_Milestone_Workflows/src/services/milestone-analytics-export.service.ts(293,29): error TS2551: Property 'resolvedAt' does not exist on type 'MilestoneEscalation'. Did you mean 'resolvedBy'?
Module_05_Milestone_Workflows/src/services/milestone-analytics-export.service.ts(293,54): error TS2551: Property 'createdAt' does not exist on type 'MilestoneEscalation'. Did you mean 'createdDate'?
Module_05_Milestone_Workflows/src/services/milestone-analytics-export.service.ts(306,39): error TS2339: Property 'reason' does not exist on type 'MilestoneEscalation'.
Module_05_Milestone_Workflows/src/services/milestone-analytics-export.service.ts(320,38): error TS2339: Property 'escalatedToUserId' does not exist on type 'MilestoneEscalation'.
Module_05_Milestone_Workflows/src/services/milestone-analytics.service.ts(47,51): error TS2367: This comparison appears to be unintentional because the types 'MilestoneStatus' and '"NOT_STARTED"' have no overlap.
Module_05_Milestone_Workflows/src/services/milestone-analytics.service.ts(55,35): error TS2339: Property 'plannedEndDate' does not exist on type 'MilestoneInstance'.
Module_05_Milestone_Workflows/src/services/milestone-analytics.service.ts(110,47): error TS2339: Property 'plannedEndDate' does not exist on type 'MilestoneInstance'.
Module_05_Milestone_Workflows/src/services/milestone-analytics.service.ts(112,44): error TS2339: Property 'plannedEndDate' does not exist on type 'MilestoneInstance'.
Module_05_Milestone_Workflows/src/services/milestone-analytics.service.ts(119,57): error TS2339: Property 'plannedStartDate' does not exist on type 'MilestoneInstance'.
Module_05_Milestone_Workflows/src/services/milestone-analytics.service.ts(119,77): error TS2339: Property 'plannedEndDate' does not exist on type 'MilestoneInstance'.
Module_05_Milestone_Workflows/src/services/milestone-analytics.service.ts(192,45): error TS2339: Property 'plannedEndDate' does not exist on type 'MilestoneInstance'.
Module_05_Milestone_Workflows/src/services/milestone-analytics.service.ts(257,17): error TS2322: Type '"IN_PROGRESS"' is not assignable to type 'MilestoneStatus | FindOperator<MilestoneStatus>'.
Module_05_Milestone_Workflows/src/services/milestone-analytics.service.ts(262,66): error TS2339: Property 'plannedEndDate' does not exist on type 'MilestoneInstance'.
Module_05_Milestone_Workflows/src/services/milestone-analytics.service.ts(323,17): error TS2353: Object literal may only specify known properties, and 'createdAt' does not exist in type 'FindOptionsWhere<MilestoneInstance> | FindOptionsWhere<MilestoneInstance>[]'.
Module_05_Milestone_Workflows/src/services/milestone-analytics.service.ts(368,45): error TS2339: Property 'topPerformers' does not exist on type '{ owner: string; metrics: { total: number; completed: number; inProgress: number; delayed: number; completionRate: number; onTimeRate: number; delayRate: number; avgCompletionTimeDays: number; }; rank: number; } | { ...; }'.
  Property 'topPerformers' does not exist on type '{ owner: string; metrics: { total: number; completed: number; inProgress: number; delayed: number; completionRate: number; onTimeRate: number; delayRate: number; avgCompletionTimeDays: number; }; rank: number; }'.
Module_05_Milestone_Workflows/src/services/milestone-invoice.service.ts(55,23): error TS2339: Property 'status' does not exist on type 'MilestoneInstance'.
Module_05_Milestone_Workflows/src/services/milestone-invoice.service.ts(57,97): error TS2339: Property 'status' does not exist on type 'MilestoneInstance'.
Module_05_Milestone_Workflows/src/services/milestone-invoice.service.ts(70,58): error TS2339: Property 'name' does not exist on type 'MilestoneInstance'.
Module_05_Milestone_Workflows/src/services/milestone-invoice.service.ts(78,42): error TS2339: Property 'name' does not exist on type 'MilestoneInstance'.
Module_05_Milestone_Workflows/src/services/milestone-invoice.service.ts(79,40): error TS2339: Property 'completedAt' does not exist on type 'MilestoneInstance'.
Module_05_Milestone_Workflows/src/services/milestone-invoice.service.ts(81,81): error TS2339: Property 'name' does not exist on type 'MilestoneInstance'.
Module_05_Milestone_Workflows/src/services/milestone-payment.service.ts(61,42): error TS2339: Property 'name' does not exist on type 'MilestoneInstance'.
Module_05_Milestone_Workflows/src/services/status-probing.service.ts(259,17): error TS2353: Object literal may only specify known properties, and 'nonResponseHandledAt' does not exist in type '{ templateUsed?: string; notificationResult?: any; escalationTriggered?: boolean; escalationId?: string; }'.
Module_05_Milestone_Workflows/src/services/status-probing.service.ts(292,58): error TS2339: Property 'name' does not exist on type 'MilestoneInstance'.
Module_05_Milestone_Workflows/src/services/status-probing.service.ts(294,31): error TS2339: Property 'plannedEndDate' does not exist on type 'MilestoneInstance'.
Module_06_Credit_Scoring/code/controllers/credit.controller.ts(16,30): error TS2307: Cannot find module '@common/guards/jwt-auth.guard' or its corresponding type declarations.
Module_06_Credit_Scoring/code/services/scoring-engine.service.ts(4,34): error TS2307: Cannot find module '../src/entities/credit-assessment.entity' or its corresponding type declarations.
Module_06_Credit_Scoring/code/services/scoring-engine.service.ts(5,30): error TS2307: Cannot find module '../src/entities/buyer-profile.entity' or its corresponding type declarations.
Module_06_Credit_Scoring/code/services/scoring-engine.service.ts(6,32): error TS2307: Cannot find module '../src/entities/payment-history.entity' or its corresponding type declarations.
Module_06_Credit_Scoring/code/services/scoring-engine.service.ts(7,40): error TS2307: Cannot find module '../src/services/score-calculator.service' or its corresponding type declarations.
Module_06_Credit_Scoring/src/controllers/buyer-profile.controller.ts(151,75): error TS2554: Expected 1 arguments, but got 2.
Module_06_Credit_Scoring/src/controllers/buyer-profile.controller.ts(177,45): error TS2554: Expected 2 arguments, but got 1.
Module_06_Credit_Scoring/src/controllers/credit-limit.controller.ts(19,29): error TS2307: Cannot find module '../../../Module_11_Common/guards/tenant.guard' or its corresponding type declarations.
Module_06_Credit_Scoring/src/controllers/credit-limit.controller.ts(42,34): error TS2339: Property 'calculateRecommendedLimit' does not exist on type 'CreditLimitService'.
Module_06_Credit_Scoring/src/controllers/credit-limit.controller.ts(53,34): error TS2339: Property 'requestApproval' does not exist on type 'CreditLimitService'.
Module_06_Credit_Scoring/src/controllers/credit-limit.controller.ts(65,34): error TS2339: Property 'approveLimit' does not exist on type 'CreditLimitService'.
Module_06_Credit_Scoring/src/controllers/credit-scoring.controller.ts(14,29): error TS2307: Cannot find module '../../../Module_11_Common/guards/tenant.guard' or its corresponding type declarations.
Module_06_Credit_Scoring/src/controllers/risk-alerts.controller.ts(20,29): error TS2307: Cannot find module '../../../Module_11_Common/guards/tenant.guard' or its corresponding type declarations.
Module_06_Credit_Scoring/src/controllers/risk-config.controller.ts(101,45): error TS2322: Type 'boolean' is not assignable to type 'string[]'.
Module_06_Credit_Scoring/src/controllers/risk-config.controller.ts(173,45): error TS2322: Type 'boolean' is not assignable to type 'string[]'.
Module_06_Credit_Scoring/src/credit-scoring.module.ts(46,38): error TS2307: Cannot find module '../../Module_12_Administration/administration.module' or its corresponding type declarations.
Module_06_Credit_Scoring/src/services/__tests__/industry-risk.service.spec.ts(4,37): error TS2307: Cannot find module '../services/industry-risk.service' or its corresponding type declarations.
Module_06_Credit_Scoring/src/services/__tests__/industry-risk.service.spec.ts(5,37): error TS2307: Cannot find module '../entities/industry-risk-profile.entity' or its corresponding type declarations.
Module_06_Credit_Scoring/src/services/__tests__/payment-prediction.service.spec.ts(3,42): error TS2307: Cannot find module '../services/payment-prediction.service' or its corresponding type declarations.
Module_06_Credit_Scoring/src/services/__tests__/payment-prediction.service.spec.ts(4,32): error TS2307: Cannot find module '../entities/payment-history.entity' or its corresponding type declarations.
Module_06_Credit_Scoring/src/services/__tests__/portfolio-risk.service.spec.ts(3,38): error TS2307: Cannot find module '../services/portfolio-risk.service' or its corresponding type declarations.
Module_06_Credit_Scoring/src/services/__tests__/portfolio-risk.service.spec.ts(4,29): error TS2307: Cannot find module '../entities/credit-limit.entity' or its corresponding type declarations.
Module_06_Credit_Scoring/src/services/__tests__/portfolio-risk.service.spec.ts(5,34): error TS2307: Cannot find module '../entities/credit-assessment.entity' or its corresponding type declarations.
Module_06_Credit_Scoring/src/services/__tests__/portfolio-risk.service.spec.ts(6,30): error TS2307: Cannot find module '../entities/buyer-profile.entity' or its corresponding type declarations.
Module_06_Credit_Scoring/src/services/credit-assessment.service.ts(176,42): error TS2769: No overload matches this call.
  Overload 1 of 4, '(entities: DeepPartial<CreditScoreFactor>[], options?: SaveOptions): Promise<(DeepPartial<CreditScoreFactor> & CreditScoreFactor)[]>', gave the following error.
    Argument of type 'CreditScoreFactor[][]' is not assignable to parameter of type 'DeepPartial<CreditScoreFactor>[]'.
      Type 'CreditScoreFactor[]' is not assignable to type 'DeepPartial<CreditScoreFactor>'.
  Overload 2 of 4, '(entity: DeepPartial<CreditScoreFactor>, options?: SaveOptions): Promise<DeepPartial<CreditScoreFactor> & CreditScoreFactor>', gave the following error.
    Argument of type 'CreditScoreFactor[][]' is not assignable to parameter of type 'DeepPartial<CreditScoreFactor>'.
Module_06_Credit_Scoring/src/services/credit-limit.service.ts(44,13): error TS2769: No overload matches this call.
  Overload 1 of 3, '(entityLikeArray: DeepPartial<CreditLimitApproval>[]): CreditLimitApproval[]', gave the following error.
    Object literal may only specify known properties, and 'buyerId' does not exist in type 'DeepPartial<CreditLimitApproval>[]'.
  Overload 2 of 3, '(entityLike: DeepPartial<CreditLimitApproval>): CreditLimitApproval', gave the following error.
    Object literal may only specify known properties, and 'buyerId' does not exist in type 'DeepPartial<CreditLimitApproval>'.
Module_06_Credit_Scoring/src/services/credit-limit.service.ts(45,34): error TS2339: Property 'requestedAmount' does not exist on type 'CreditLimitRequestDto'.
Module_06_Credit_Scoring/src/services/credit-limit.service.ts(48,25): error TS2339: Property 'reason' does not exist on type 'CreditLimitRequestDto'.
Module_06_Credit_Scoring/src/services/credit-limit.service.ts(52,9): error TS2740: Type 'CreditLimitApproval[]' is missing the following properties from type 'CreditLimitApproval': id, creditLimitId, requestedLimit, approvedLimit, and 9 more.
Module_06_Credit_Scoring/src/services/credit-limit.service.ts(64,31): error TS2339: Property 'status' does not exist on type 'ApproveCreditLimitDto'.
Module_06_Credit_Scoring/src/services/credit-limit.service.ts(65,18): error TS2339: Property 'reviewedBy' does not exist on type 'CreditLimitApproval'.
Module_06_Credit_Scoring/src/services/credit-limit.service.ts(65,35): error TS2339: Property 'reviewedBy' does not exist on type 'ApproveCreditLimitDto'.
Module_06_Credit_Scoring/src/services/credit-limit.service.ts(66,18): error TS2339: Property 'reviewedAt' does not exist on type 'CreditLimitApproval'.
Module_06_Credit_Scoring/src/services/credit-limit.service.ts(67,18): error TS2339: Property 'comments' does not exist on type 'CreditLimitApproval'.
Module_06_Credit_Scoring/src/services/credit-limit.service.ts(67,33): error TS2339: Property 'comments' does not exist on type 'ApproveCreditLimitDto'.
Module_06_Credit_Scoring/src/services/credit-limit.service.ts(69,17): error TS2339: Property 'status' does not exist on type 'ApproveCreditLimitDto'.
Module_06_Credit_Scoring/src/services/credit-limit.service.ts(72,44): error TS2339: Property 'buyerId' does not exist on type 'CreditLimitApproval'.
Module_06_Credit_Scoring/src/services/credit-limit.service.ts(76,46): error TS2769: No overload matches this call.
  Overload 1 of 3, '(entityLikeArray: DeepPartial<CreditLimit>[]): CreditLimit[]', gave the following error.
    Object literal may only specify known properties, and 'buyerId' does not exist in type 'DeepPartial<CreditLimit>[]'.
  Overload 2 of 3, '(entityLike: DeepPartial<CreditLimit>): CreditLimit', gave the following error.
    Object literal may only specify known properties, and 'currency' does not exist in type 'DeepPartial<CreditLimit>'.
Module_06_Credit_Scoring/src/services/credit-limit.service.ts(77,39): error TS2339: Property 'buyerId' does not exist on type 'CreditLimitApproval'.
Module_06_Credit_Scoring/src/services/credit-limit.service.ts(84,44): error TS2339: Property 'requestedAmount' does not exist on type 'CreditLimitApproval'.
Module_06_Credit_Scoring/src/services/portfolio-risk.service.ts(51,46): error TS2322: Type '"ACTIVE"' is not assignable to type 'CreditLimitStatus | FindOperator<CreditLimitStatus>'.
Module_07_Financing/src/controllers/dynamic-discounting.controller.ts(16,30): error TS2307: Cannot find module '../../../Module_12_Administration/guards/jwt-auth.guard' or its corresponding type declarations.
Module_07_Financing/src/controllers/dynamic-discounting.controller.ts(17,28): error TS2307: Cannot find module '../../../Module_12_Administration/guards/roles.guard' or its corresponding type declarations.
Module_07_Financing/src/controllers/dynamic-discounting.controller.ts(18,23): error TS2307: Cannot find module '../../../Module_12_Administration/decorators/roles.decorator' or its corresponding type declarations.
Module_07_Financing/src/controllers/financing-request.controller.ts(16,29): error TS2307: Cannot find module '../../../Module_11_Common/guards/tenant.guard' or its corresponding type declarations.
Module_07_Financing/src/controllers/partner-financing.controller.ts(79,29): error TS2551: Property 'totalAmount' does not exist on type 'Invoice'. Did you mean 'totalTaxAmount'?
Module_07_Financing/src/controllers/repayment.controller.ts(14,29): error TS2307: Cannot find module '../../../Module_11_Common/guards/tenant.guard' or its corresponding type declarations.
Module_07_Financing/src/financing.module.ts(59,38): error TS2307: Cannot find module '../../Module_12_Administration/administration.module' or its corresponding type declarations.
Module_07_Financing/src/services/__tests__/financing-calculator.service.spec.ts(350,27): error TS2339: Property 'tenureDays' does not exist on type '{ invoiceAmount: number; advancePercentage: number; advanceAmount: number; discountRate: number; annualDiscountRate: number; discountAmount: number; processingFee: number; totalCost: number; netAmountToSupplier: number; effectiveAPR: number; breakdown: { ...; }; }'.
Module_07_Financing/src/services/discount-marketplace.service.ts(63,13): error TS2367: This comparison appears to be unintentional because the types 'InvoiceStatus' and '"PAID"' have no overlap.
Module_07_Financing/src/services/discount-marketplace.service.ts(76,36): error TS2551: Property 'totalAmount' does not exist on type 'Invoice'. Did you mean 'totalTaxAmount'?
Module_07_Financing/src/services/discount-marketplace.service.ts(90,35): error TS2339: Property 'supplierName' does not exist on type 'Invoice'.
Module_07_Financing/src/services/discount-marketplace.service.ts(91,30): error TS2339: Property 'buyerId' does not exist on type 'Invoice'.
Module_07_Financing/src/services/discount-marketplace.service.ts(92,32): error TS2339: Property 'buyerCompanyName' does not exist on type 'Invoice'.
Module_07_Financing/src/services/discount-marketplace.service.ts(92,60): error TS2339: Property 'buyerName' does not exist on type 'Invoice'.
Module_07_Financing/src/services/discount-marketplace.service.ts(94,37): error TS2551: Property 'totalAmount' does not exist on type 'Invoice'. Did you mean 'totalTaxAmount'?
Module_07_Financing/src/services/discount-marketplace.service.ts(99,44): error TS2551: Property 'totalAmount' does not exist on type 'Invoice'. Did you mean 'totalTaxAmount'?
Module_07_Financing/src/services/discount-marketplace.service.ts(100,44): error TS2551: Property 'totalAmount' does not exist on type 'Invoice'. Did you mean 'totalTaxAmount'?
Module_07_Financing/src/services/invoice-financing.service.ts(414,40): error TS2551: Property 'totalAmount' does not exist on type 'Invoice'. Did you mean 'totalTaxAmount'?
Module_07_Financing/src/services/invoice-financing.service.ts(417,34): error TS2339: Property 'buyerId' does not exist on type 'Invoice'.
Module_07_Financing/src/services/invoice-financing.service.ts(418,36): error TS2339: Property 'buyerCompanyName' does not exist on type 'Invoice'.
Module_07_Financing/src/services/invoice-financing.service.ts(418,64): error TS2339: Property 'buyerName' does not exist on type 'Invoice'.
Module_07_Financing/src/services/invoice-financing.service.ts(419,35): error TS2339: Property 'purchaseOrderNumber' does not exist on type 'Invoice'.
Module_07_Financing/src/services/invoice-financing.service.ts(421,36): error TS2339: Property 'taxAmount' does not exist on type 'Invoice'.
Module_07_Financing/src/services/partners/__tests__/capital-float.service.spec.ts(22,25): error TS2339: Property 'mockRejectedValue' does not exist on type 'Mocked<AxiosStatic>'.
Module_07_Financing/src/services/partners/__tests__/capital-float.service.spec.ts(30,25): error TS2339: Property 'mockRejectedValue' does not exist on type 'Mocked<AxiosStatic>'.
Module_07_Financing/src/services/partners/__tests__/capital-float.service.spec.ts(52,25): error TS2339: Property 'mockResolvedValue' does not exist on type 'Mocked<AxiosStatic>'.
Module_07_Financing/src/services/partners/__tests__/capital-float.service.spec.ts(62,25): error TS2339: Property 'mockRejectedValue' does not exist on type 'Mocked<AxiosStatic>'.
Module_07_Financing/src/services/partners/__tests__/flexiloans.service.spec.ts(40,25): error TS2339: Property 'mockResolvedValue' does not exist on type 'Mocked<AxiosStatic>'.
Module_07_Financing/src/services/partners/__tests__/flexiloans.service.spec.ts(50,25): error TS2339: Property 'mockRejectedValue' does not exist on type 'Mocked<AxiosStatic>'.
Module_07_Financing/src/services/partners/__tests__/flexiloans.service.spec.ts(60,25): error TS2339: Property 'mockRejectedValue' does not exist on type 'Mocked<AxiosStatic>'.
Module_07_Financing/src/services/partners/__tests__/indifi.service.spec.ts(22,25): error TS2339: Property 'mockRejectedValue' does not exist on type 'Mocked<AxiosStatic>'.
Module_07_Financing/src/services/partners/__tests__/indifi.service.spec.ts(36,25): error TS2339: Property 'mockRejectedValue' does not exist on type 'Mocked<AxiosStatic>'.
Module_07_Financing/src/services/partners/__tests__/indifi.service.spec.ts(43,25): error TS2339: Property 'mockRejectedValue' does not exist on type 'Mocked<AxiosStatic>'.
Module_07_Financing/src/services/partners/__tests__/indifi.service.spec.ts(59,25): error TS2339: Property 'mockResolvedValue' does not exist on type 'Mocked<AxiosStatic>'.
Module_07_Financing/src/services/partners/__tests__/lendingkart.service.spec.ts(31,25): error TS2339: Property 'mockResolvedValue' does not exist on type 'Mocked<AxiosStatic>'.
Module_07_Financing/src/services/partners/__tests__/lendingkart.service.spec.ts(63,25): error TS2339: Property 'mockRejectedValue' does not exist on type 'Mocked<AxiosStatic>'.
Module_07_Financing/src/services/partners/__tests__/lendingkart.service.spec.ts(73,25): error TS2339: Property 'mockRejectedValue' does not exist on type 'Mocked<AxiosStatic>'.
Module_07_Financing/src/services/partners/__tests__/lendingkart.service.spec.ts(93,25): error TS2339: Property 'mockResolvedValue' does not exist on type 'Mocked<AxiosStatic>'.
Module_07_Financing/src/services/partners/__tests__/lendingkart.service.spec.ts(117,25): error TS2339: Property 'mockRejectedValue' does not exist on type 'Mocked<AxiosStatic>'.
Module_07_Financing/src/services/partners/__tests__/lendingkart.service.spec.ts(128,25): error TS2339: Property 'mockResolvedValue' does not exist on type 'Mocked<AxiosStatic>'.
Module_07_Financing/src/services/partners/__tests__/lendingkart.service.spec.ts(136,25): error TS2339: Property 'mockRejectedValue' does not exist on type 'Mocked<AxiosStatic>'.
Module_07_Financing/src/services/partners/__tests__/lendingkart.service.spec.ts(146,25): error TS2339: Property 'mockRejectedValue' does not exist on type 'Mocked<AxiosStatic>'.
Module_09_Marketing_Customer_Success/code/controllers/onboarding.controller.ts(18,13): error TS2554: Expected 1 arguments, but got 2.
Module_09_Marketing_Customer_Success/code/controllers/onboarding.controller.ts(32,39): error TS2339: Property 'getWorkflow' does not exist on type 'OnboardingService'.
Module_09_Marketing_Customer_Success/code/controllers/onboarding.controller.ts(44,13): error TS2554: Expected 2 arguments, but got 3.
Module_09_Marketing_Customer_Success/code/controllers/onboarding.controller.ts(48,58): error TS2367: This comparison appears to be unintentional because the types 'StepStatus' and '"pending"' have no overlap.
Module_09_Marketing_Customer_Success/code/controllers/onboarding.controller.ts(50,59): error TS2339: Property 'getWorkflow' does not exist on type 'OnboardingService'.
Module_09_Marketing_Customer_Success/code/controllers/onboarding.controller.ts(69,55): error TS2339: Property 'getWorkflow' does not exist on type 'OnboardingService'.
Module_09_Marketing_Customer_Success/code/services/campaign.service.ts(88,29): error TS2353: Object literal may only specify known properties, and 'body' does not exist in type 'EmailData'.
Module_09_Marketing_Customer_Success/code/services/campaign.service.ts(146,37): error TS2554: Expected 2 arguments, but got 1.
Module_10_Orchestration_Hub/code/services/multi-objective-optimization.service.ts(69,13): error TS2322: Type 'Promise<string>' is not assignable to type 'string'.
Module_10_Orchestration_Hub/code/services/workflow-engine.service.ts(452,36): error TS2339: Property 'DRAFT' does not exist on type 'typeof WorkflowStatus'.
Module_11_Common/code/auth/auth.middleware.ts(15,7): error TS2717: Subsequent property declarations must have the same type.  Property 'user' must be of type 'User', but here has type 'IDecodedToken'.
Module_11_Common/code/auth/auth.middleware.ts(111,34): error TS2339: Property 'roles' does not exist on type 'User'.
Module_11_Common/code/auth/auth.middleware.ts(122,26): error TS2339: Property 'userId' does not exist on type 'User'.
Module_11_Common/code/auth/auth.middleware.ts(145,40): error TS2339: Property 'permissions' does not exist on type 'User'.
Module_11_Common/code/auth/auth.middleware.ts(158,26): error TS2339: Property 'userId' does not exist on type 'User'.
Module_11_Common/code/auth/auth.middleware.ts(191,26): error TS2339: Property 'userId' does not exist on type 'User'.
Module_11_Common/code/auth/auth.middleware.ts(245,31): error TS2339: Property 'userId' does not exist on type 'User'.
Module_11_Common/code/auth/jwt.service.ts(87,16): error TS2769: No overload matches this call.
  Overload 1 of 5, '(payload: string | object | Buffer<ArrayBufferLike>, secretOrPrivateKey: null, options?: SignOptions & { algorithm: "none"; }): string', gave the following error.
    Argument of type 'string' is not assignable to parameter of type 'null'.
  Overload 2 of 5, '(payload: string | object | Buffer<ArrayBufferLike>, secretOrPrivateKey: Buffer<ArrayBufferLike> | Secret | PrivateKeyInput | JsonWebKeyInput, options?: SignOptions): string', gave the following error.
    Type 'string' is not assignable to type 'number | StringValue'.
  Overload 3 of 5, '(payload: string | object | Buffer<ArrayBufferLike>, secretOrPrivateKey: Buffer<ArrayBufferLike> | Secret | PrivateKeyInput | JsonWebKeyInput, callback: SignCallback): void', gave the following error.
    Object literal may only specify known properties, and 'expiresIn' does not exist in type 'SignCallback'.
Module_11_Common/code/auth/jwt.service.ts(102,16): error TS2769: No overload matches this call.
  Overload 1 of 5, '(payload: string | object | Buffer<ArrayBufferLike>, secretOrPrivateKey: null, options?: SignOptions & { algorithm: "none"; }): string', gave the following error.
    Argument of type 'string' is not assignable to parameter of type 'null'.
  Overload 2 of 5, '(payload: string | object | Buffer<ArrayBufferLike>, secretOrPrivateKey: Buffer<ArrayBufferLike> | Secret | PrivateKeyInput | JsonWebKeyInput, options?: SignOptions): string', gave the following error.
    Type 'string' is not assignable to type 'number | StringValue'.
  Overload 3 of 5, '(payload: string | object | Buffer<ArrayBufferLike>, secretOrPrivateKey: Buffer<ArrayBufferLike> | Secret | PrivateKeyInput | JsonWebKeyInput, callback: SignCallback): void', gave the following error.
    Object literal may only specify known properties, and 'expiresIn' does not exist in type 'SignCallback'.
Module_11_Common/code/controllers/client-preference.controller.ts(3,70): error TS2307: Cannot find module '../dto/client-preference.dto' or its corresponding type declarations.
Module_11_Common/code/controllers/client-preference.controller.ts(4,34): error TS2307: Cannot find module '../entities/client-preference.entity' or its corresponding type declarations.
Module_11_Common/code/controllers/currency.controller.ts(4,43): error TS2307: Cannot find module '../services/currency-settlement.service' or its corresponding type declarations.
Module_11_Common/code/controllers/currency.controller.ts(7,30): error TS2307: Cannot find module '../../../auth/guards/jwt-auth.guard' or its corresponding type declarations.
Module_11_Common/code/controllers/currency.controller.ts(8,35): error TS2307: Cannot find module '../../../auth/guards/organization.guard' or its corresponding type declarations.
Module_11_Common/code/controllers/document.controller.ts(37,39): error TS2694: Namespace 'global.Express' has no exported member 'Multer'.
Module_11_Common/code/controllers/document.controller.ts(182,39): error TS2694: Namespace 'global.Express' has no exported member 'Multer'.
Module_11_Common/code/controllers/monitoring.controller.ts(7,8): error TS2307: Cannot find module '../../shared/interfaces/monitoring.interface' or its corresponding type declarations.
Module_11_Common/code/controllers/product-service-catalog.controller.ts(3,80): error TS2307: Cannot find module '../dto/product-service-catalog.dto' or its corresponding type declarations.
Module_11_Common/code/controllers/product-service-catalog.controller.ts(4,39): error TS2307: Cannot find module '../entities/product-service-catalog.entity' or its corresponding type declarations.
Module_11_Common/code/controllers/queue.controller.ts(2,33): error TS2307: Cannot find module '../services/rabbitmq.service' or its corresponding type declarations.
Module_11_Common/code/controllers/queue.controller.ts(3,36): error TS2307: Cannot find module '../services/queue-health.service' or its corresponding type declarations.
Module_11_Common/code/controllers/recipient-contact.controller.ts(3,70): error TS2307: Cannot find module '../dto/recipient-contact.dto' or its corresponding type declarations.
Module_11_Common/code/controllers/recipient-contact.controller.ts(4,30): error TS2307: Cannot find module '../../auth/guards/jwt-auth.guard' or its corresponding type declarations.
Module_11_Common/code/controllers/recipient-contact.controller.ts(5,34): error TS2307: Cannot find module '../entities/recipient-contact.entity' or its corresponding type declarations.
Module_11_Common/code/controllers/recurring-invoice-profile.controller.ts(2,48): error TS2307: Cannot find module '../services/recurring-invoice-profile.service' or its corresponding type declarations.
Module_11_Common/code/controllers/recurring-invoice-profile.controller.ts(3,84): error TS2307: Cannot find module '../dto/recurring-invoice-profile.dto' or its corresponding type declarations.
Module_11_Common/code/controllers/recurring-invoice-profile.controller.ts(4,41): error TS2307: Cannot find module '../entities/recurring-invoice-profile.entity' or its corresponding type declarations.
Module_11_Common/code/controllers/security.controller.ts(7,8): error TS2307: Cannot find module '../../shared/enums/security.enum' or its corresponding type declarations.
Module_11_Common/code/controllers/security.controller.ts(11,8): error TS2307: Cannot find module '../../shared/interfaces/security.interface' or its corresponding type declarations.
Module_11_Common/code/controllers/tenant-management.controller.ts(3,33): error TS2307: Cannot find module '../../shared/interfaces/administrative.interface' or its corresponding type declarations.
Module_11_Common/code/controllers/user-data-source.controller.ts(3,80): error TS2307: Cannot find module '../dto/user-defined-data-source.dto.ts' or its corresponding type declarations.
Module_11_Common/code/controllers/user-data-source.controller.ts(4,30): error TS2307: Cannot find module '../../auth/guards/jwt-auth.guard' or its corresponding type declarations.
Module_11_Common/code/controllers/user-data-source.controller.ts(5,38): error TS2307: Cannot find module '../../auth/interfaces/authenticated-request.interface' or its corresponding type declarations.
Module_11_Common/code/controllers/workflow.controller.ts(10,36): error TS2339: Property 'executeWorkflow' does not exist on type 'WorkflowEngineService'.
Module_11_Common/code/controllers/workflow.controller.ts(15,36): error TS2339: Property 'getWorkflowExecutionStatus' does not exist on type 'WorkflowEngineService'.
Module_11_Common/code/docs/swagger.config.ts(1,26): error TS2307: Cannot find module 'swagger-jsdoc' or its corresponding type declarations.
Module_11_Common/code/docs/swagger.setup.ts(2,23): error TS2307: Cannot find module 'swagger-ui-express' or its corresponding type declarations.
Module_11_Common/code/dtos/user-defined-data-source.dto.ts(70,47): error TS2339: Property 'JSON_URL' does not exist on type 'typeof DataSourceType'.
Module_11_Common/code/dtos/user-defined-data-source.dto.ts(70,97): error TS2339: Property 'CSV_URL' does not exist on type 'typeof DataSourceType'.
Module_11_Common/code/dtos/user-defined-data-source.dto.ts(101,58): error TS2339: Property 'targetName' does not exist on type 'TypeHelpOptions'.
Module_11_Common/code/dtos/user-defined-data-source.dto.ts(105,43): error TS2339: Property 'JSON_URL' does not exist on type 'typeof DataSourceType'.
Module_11_Common/code/dtos/user-defined-data-source.dto.ts(105,89): error TS2339: Property 'CSV_URL' does not exist on type 'typeof DataSourceType'.
Module_11_Common/code/entities/ai-optimization.entity.ts(9,8): error TS2307: Cannot find module '../../shared/enums/ai-behavioral-analytics.enum' or its corresponding type declarations.
Module_11_Common/code/entities/ai-optimization.entity.ts(13,8): error TS2307: Cannot find module '../../shared/interfaces/ai-behavioral-analytics.interface' or its corresponding type declarations.
Module_11_Common/code/entities/dynamic-pricing.entity.ts(31,8): error TS2307: Cannot find module '@shared/enums/advanced-features.enum' or its corresponding type declarations.
Module_11_Common/code/entities/dynamic-pricing.entity.ts(39,8): error TS2307: Cannot find module '@shared/interfaces/advanced-features.interface' or its corresponding type declarations.
Module_11_Common/code/entities/financial-insight.entity.ts(2,30): error TS2307: Cannot find module '../../../organizations/entities/organization.entity' or its corresponding type declarations.
Module_11_Common/code/entities/financial-scenario.entity.ts(2,30): error TS2307: Cannot find module '../../../organizations/entities/organization.entity' or its corresponding type declarations.
Module_11_Common/code/entities/monitoring.entity.ts(31,8): error TS2307: Cannot find module '../../shared/enums/monitoring.enum' or its corresponding type declarations.
Module_11_Common/code/entities/monitoring.entity.ts(55,8): error TS2307: Cannot find module '../../shared/interfaces/monitoring.interface' or its corresponding type declarations.
Module_11_Common/code/entities/self-service-portal.entity.ts(33,8): error TS2307: Cannot find module '@shared/enums/advanced-features.enum' or its corresponding type declarations.
Module_11_Common/code/entities/self-service-portal.entity.ts(40,8): error TS2307: Cannot find module '@shared/interfaces/advanced-features.interface' or its corresponding type declarations.
Module_11_Common/code/entities/self-service-portal.entity.ts(442,16): error TS2339: Property 'widgets' does not exist on type '{ theme: ThemeConfiguration; layout: LayoutConfiguration; navigation: NavigationConfiguration; features: FeatureConfiguration; security: SecurityConfiguration; performance: PerformanceConfiguration; }'.
Module_11_Common/code/entities/self-service-portal.entity.ts(442,57): error TS2339: Property 'widgets' does not exist on type '{ theme: ThemeConfiguration; layout: LayoutConfiguration; navigation: NavigationConfiguration; features: FeatureConfiguration; security: SecurityConfiguration; performance: PerformanceConfiguration; }'.
Module_11_Common/code/entities/self-service-portal.entity.ts(446,16): error TS2339: Property 'language' does not exist on type '{ theme: ThemeConfiguration; layout: LayoutConfiguration; navigation: NavigationConfiguration; features: FeatureConfiguration; security: SecurityConfiguration; performance: PerformanceConfiguration; }'.
Module_11_Common/code/entities/subscription-plan.entity.ts(33,36): error TS2307: Cannot find module './tenant-subscription.entity' or its corresponding type declarations.
Module_11_Common/code/entities/subscription-plan.entity.ts(34,29): error TS2307: Cannot find module './plan-feature.entity' or its corresponding type declarations.
Module_11_Common/code/entities/subscription-plan.entity.ts(35,27): error TS2307: Cannot find module './usage-rate.entity' or its corresponding type declarations.
Module_11_Common/code/entities/subscription-plan.entity.ts(276,69): error TS2339: Property 'plan' does not exist on type 'unknown'.
Module_11_Common/code/entities/subscription-plan.entity.ts(282,52): error TS2339: Property 'plan' does not exist on type 'unknown'.
Module_11_Common/code/entities/subscription-plan.entity.ts(291,44): error TS2339: Property 'plan' does not exist on type 'unknown'.
Module_11_Common/code/entities/subscription-plan.entity.ts(378,5): error TS2322: Type 'unknown' is not assignable to type 'number'.
Module_11_Common/code/entities/subscription-plan.entity.ts(379,14): error TS2365: Operator '+' cannot be applied to types 'unknown' and 'number'.
Module_11_Common/code/entities/subscription-plan.entity.ts(478,9): error TS2740: Type '{}' is missing the following properties from type 'Record<PlatformModule, string[]>': invoice_generation, customer_relationship, payment_integration, financial_analytics, and 7 more.
Module_11_Common/code/entities/subscription-plan.entity.ts(673,9): error TS2740: Type '{}' is missing the following properties from type 'Record<PlatformModule, string[]>': invoice_generation, customer_relationship, payment_integration, financial_analytics, and 7 more.
Module_11_Common/code/entities/tenant.entity.ts(35,31): error TS2307: Cannot find module './tenant-contact.entity' or its corresponding type declarations.
Module_11_Common/code/entities/tenant.entity.ts(36,36): error TS2307: Cannot find module './tenant-subscription.entity' or its corresponding type declarations.
Module_11_Common/code/entities/tenant.entity.ts(37,35): error TS2307: Cannot find module './tenant-billing-info.entity' or its corresponding type declarations.
Module_11_Common/code/entities/tenant.entity.ts(247,54): error TS2339: Property 'tenant' does not exist on type 'unknown'.
Module_11_Common/code/entities/tenant.entity.ts(580,11): error TS2740: Type '{}' is missing the following properties from type 'Record<PlatformModule, IModuleConfiguration>': invoice_generation, customer_relationship, payment_integration, financial_analytics, and 7 more.
Module_11_Common/code/entities/tenant.entity.ts(586,11): error TS2740: Type '{}' is missing the following properties from type 'Record<IntegrationType, IIntegrationSettings>': accounting_software, payment_gateway, banking_api, erp_system, and 4 more.
Module_11_Common/code/entities/tenant.entity.ts(592,11): error TS2740: Type '{}' is missing the following properties from type 'Record<NotificationType, INotificationChannelSettings>': email, sms, push, in_app, and 3 more.
Module_11_Common/code/interfaces/channel-distributor.interface.ts(1,38): error TS2307: Cannot find module '../../distribution/entities/recipient-contact.entity' or its corresponding type declarations.
Module_11_Common/code/logging/logger.ts(1,21): error TS2307: Cannot find module 'winston' or its corresponding type declarations.
Module_11_Common/code/modules/client-preference.module.ts(3,34): error TS2307: Cannot find module './entities/client-preference.entity' or its corresponding type declarations.
Module_11_Common/code/modules/client-preference.module.ts(4,41): error TS2307: Cannot find module './services/client-preference.service' or its corresponding type declarations.
Module_11_Common/code/modules/client-preference.module.ts(5,44): error TS2307: Cannot find module './controllers/client-preference.controller' or its corresponding type declarations.
Module_11_Common/code/modules/conditional-logic.module.ts(2,41): error TS2307: Cannot find module './services/conditional-logic.service' or its corresponding type declarations.
Module_11_Common/code/modules/core.module.ts(3,33): error TS2307: Cannot find module './security.service' or its corresponding type declarations.
Module_11_Common/code/modules/core.module.ts(6,31): error TS2307: Cannot find module './tenant.service' or its corresponding type declarations.
Module_11_Common/code/modules/core.module.ts(7,32): error TS2307: Cannot find module './logging.service' or its corresponding type declarations.
Module_11_Common/code/modules/core.module.ts(8,36): error TS2307: Cannot find module './integration.service' or its corresponding type declarations.
Module_11_Common/code/modules/infrastructure.module.ts(3,29): error TS2307: Cannot find module '@nestjs/cache-manager' or its corresponding type declarations.
Module_11_Common/code/modules/infrastructure.module.ts(4,29): error TS2307: Cannot find module 'cache-manager-redis-store' or its corresponding type declarations.
Module_11_Common/code/modules/product-service-catalog.module.ts(3,39): error TS2307: Cannot find module './entities/product-service-catalog.entity' or its corresponding type declarations.
Module_11_Common/code/modules/product-service-catalog.module.ts(4,46): error TS2307: Cannot find module './services/product-service-catalog.service' or its corresponding type declarations.
Module_11_Common/code/modules/product-service-catalog.module.ts(5,49): error TS2307: Cannot find module './controllers/product-service-catalog.controller' or its corresponding type declarations.
Module_11_Common/code/modules/queue.module.ts(2,42): error TS2307: Cannot find module '@nestjs/microservices' or its corresponding type declarations.
Module_11_Common/code/modules/queue.module.ts(3,33): error TS2307: Cannot find module './services/rabbitmq.service' or its corresponding type declarations.
Module_11_Common/code/modules/queue.module.ts(4,36): error TS2307: Cannot find module './services/queue-health.service' or its corresponding type declarations.
Module_11_Common/code/modules/shared.module.ts(2,35): error TS2307: Cannot find module './services/encryption.service' or its corresponding type declarations.
Module_11_Common/code/modules/voice.module.ts(4,32): error TS2307: Cannot find module '../entities/voice-biometric.entity' or its corresponding type declarations.
Module_11_Common/code/modules/voice.module.ts(5,34): error TS2307: Cannot find module '../entities/voice-interaction.entity' or its corresponding type declarations.
Module_11_Common/code/modules/voice.module.ts(9,33): error TS2307: Cannot find module '../controllers/voice.controller' or its corresponding type declarations.
Module_11_Common/code/monitoring/metrics.service.ts(1,20): error TS2307: Cannot find module 'prom-client' or its corresponding type declarations.
Module_11_Common/code/services/advanced-customization.service.ts(2,43): error TS2307: Cannot find module './template-management.service' or its corresponding type declarations.
Module_11_Common/code/services/cache.service.ts(2,31): error TS2307: Cannot find module '@nestjs/cache-manager' or its corresponding type declarations.
Module_11_Common/code/services/cache.service.ts(3,23): error TS2307: Cannot find module 'cache-manager' or its corresponding type declarations.
Module_11_Common/code/services/client-preference.service.ts(4,34): error TS2307: Cannot find module '../entities/client-preference.entity' or its corresponding type declarations.
Module_11_Common/code/services/client-preference.service.ts(5,70): error TS2307: Cannot find module '../dto/client-preference.dto' or its corresponding type declarations.
Module_11_Common/code/services/conditional-logic.service.ts(2,59): error TS2307: Cannot find module './interfaces/condition.interface' or its corresponding type declarations.
Module_11_Common/code/services/currency-conversion.service.ts(346,17): error TS2304: Cannot find name 'Not'.
Module_11_Common/code/services/deepseek-r1.service.ts(4,24): error TS2307: Cannot find module '../../logging/logger' or its corresponding type declarations.
Module_11_Common/code/services/email-distributor.service.ts(2,38): error TS2307: Cannot find module '../../distribution/entities/recipient-contact.entity' or its corresponding type declarations.
Module_11_Common/code/services/event-bus.service.ts(3,63): error TS2307: Cannot find module 'kafkajs' or its corresponding type declarations.
Module_11_Common/code/services/external-data.service.ts(8,28): error TS2307: Cannot find module 'node-cache' or its corresponding type declarations.
Module_11_Common/code/services/monitoring.service.ts(11,24): error TS2307: Cannot find module '../../shared/utils/logger.util' or its corresponding type declarations.
Module_11_Common/code/services/monitoring.service.ts(43,8): error TS2307: Cannot find module '../../shared/enums/monitoring.enum' or its corresponding type declarations.
Module_11_Common/code/services/monitoring.service.ts(67,8): error TS2307: Cannot find module '../../shared/interfaces/monitoring.interface' or its corresponding type declarations.
Module_11_Common/code/services/product-service-catalog.service.ts(4,39): error TS2307: Cannot find module '../entities/product-service-catalog.entity' or its corresponding type declarations.
Module_11_Common/code/services/product-service-catalog.service.ts(5,80): error TS2307: Cannot find module '../dto/product-service-catalog.dto' or its corresponding type declarations.
Module_11_Common/code/services/recipient-contact.service.ts(4,34): error TS2307: Cannot find module '../entities/recipient-contact.entity' or its corresponding type declarations.
Module_11_Common/code/services/recipient-contact.service.ts(5,70): error TS2307: Cannot find module '../dto/recipient-contact.dto' or its corresponding type declarations.
Module_11_Common/code/services/security.service.ts(50,8): error TS2307: Cannot find module '../../shared/enums/security.enum' or its corresponding type declarations.
Module_11_Common/code/services/security.service.ts(77,8): error TS2307: Cannot find module '../../shared/interfaces/security.interface' or its corresponding type declarations.
Module_11_Common/code/services/security.service.ts(186,64): error TS2554: Expected 0 arguments, but got 1.
Module_11_Common/code/services/security.service.ts(193,37): error TS2339: Property 'validate' does not exist on type 'AuthenticationConfigurationEntity'.
Module_11_Common/code/services/security.service.ts(210,74): error TS2339: Property 'name' does not exist on type 'AuthenticationConfigurationEntity'.
Module_11_Common/code/services/security.service.ts(211,71): error TS2339: Property 'name' does not exist on type 'AuthenticationConfigurationEntity'.
Module_11_Common/code/services/security.service.ts(226,81): error TS2554: Expected 1-2 arguments, but got 3.
Module_11_Common/code/services/security.service.ts(272,14): error TS2339: Property 'checkLockoutExpiry' does not exist on type 'UserProfileEntity'.
Module_11_Common/code/services/security.service.ts(274,19): error TS2339: Property 'isActive' does not exist on type 'UserProfileEntity'.
Module_11_Common/code/services/security.service.ts(281,25): error TS2339: Property 'isLocked' does not exist on type 'UserProfileEntity'.
Module_11_Common/code/services/security.service.ts(294,14): error TS2339: Property 'recordLoginAttempt' does not exist on type 'UserProfileEntity'.
Module_11_Common/code/services/security.service.ts(306,47): error TS2339: Property 'lockoutPolicy' does not exist on type 'AuthenticationConfigurationEntity'.
Module_11_Common/code/services/security.service.ts(307,20): error TS2339: Property 'failedLoginAttempts' does not exist on type 'UserProfileEntity'.
Module_11_Common/code/services/security.service.ts(307,54): error TS2339: Property 'lockoutPolicy' does not exist on type 'AuthenticationConfigurationEntity'.
Module_11_Common/code/services/security.service.ts(308,18): error TS2339: Property 'lockAccount' does not exist on type 'UserProfileEntity'.
Module_11_Common/code/services/security.service.ts(308,75): error TS2339: Property 'lockoutPolicy' does not exist on type 'AuthenticationConfigurationEntity'.
Module_11_Common/code/services/security.service.ts(313,63): error TS2339: Property 'failedLoginAttempts' does not exist on type 'UserProfileEntity'.
Module_11_Common/code/services/security.service.ts(324,20): error TS2339: Property 'updateAuthenticationStatistics' does not exist on type 'AuthenticationConfigurationEntity'.
Module_11_Common/code/services/security.service.ts(359,57): error TS2554: Expected 1-2 arguments, but got 3.
Module_11_Common/code/services/security.service.ts(412,65): error TS2339: Property 'username' does not exist on type 'UserProfileEntity'.
Module_11_Common/code/services/security.service.ts(424,20): error TS2339: Property 'requireMfa' does not exist on type 'AuthenticationConfigurationEntity'.
Module_11_Common/code/services/security.service.ts(424,39): error TS2339: Property 'mfaEnabled' does not exist on type 'UserProfileEntity'.
Module_11_Common/code/services/security.service.ts(431,35): error TS2339: Property 'authenticationMethods' does not exist on type 'UserProfileEntity'.
Module_11_Common/code/services/security.service.ts(447,18): error TS2339: Property 'getSummary' does not exist on type 'UserProfileEntity'.
Module_11_Common/code/services/security.service.ts(487,18): error TS2339: Property 'getSummary' does not exist on type 'UserProfileEntity'.
Module_11_Common/code/services/security.service.ts(504,22): error TS2339: Property 'tenantId' does not exist on type 'UserProfileEntity'.
Module_11_Common/code/services/security.service.ts(513,27): error TS2339: Property 'securityLevel' does not exist on type 'UserProfileEntity'.
Module_11_Common/code/services/security.service.ts(514,25): error TS2339: Property 'permissions' does not exist on type 'UserProfileEntity'.
Module_11_Common/code/services/security.service.ts(519,10): error TS2339: Property 'addSession' does not exist on type 'UserProfileEntity'.
Module_11_Common/code/services/security.service.ts(522,31): error TS2339: Property 'getActiveSessions' does not exist on type 'UserProfileEntity'.
Module_11_Common/code/services/security.service.ts(533,22): error TS2339: Property 'tenantId' does not exist on type 'UserProfileEntity'.
Module_11_Common/code/services/security.service.ts(581,26): error TS2339: Property 'isActive' does not exist on type 'UserProfileEntity'.
Module_11_Common/code/services/security.service.ts(591,34): error TS2339: Property 'hasPermission' does not exist on type 'UserProfileEntity'.
Module_11_Common/code/services/security.service.ts(613,33): error TS2339: Property 'permissions' does not exist on type 'UserProfileEntity'.
Module_11_Common/code/services/security.service.ts(638,20): error TS2339: Property 'getSummary' does not exist on type 'UserProfileEntity'.
Module_11_Common/code/services/security.service.ts(643,56): error TS2554: Expected 1-2 arguments, but got 3.
Module_11_Common/code/services/security.service.ts(680,59): error TS2554: Expected 0 arguments, but got 1.
Module_11_Common/code/services/security.service.ts(688,26): error TS2339: Property 'forensicData' does not exist on type 'SecurityIncidentEntity'.
Module_11_Common/code/services/security.service.ts(693,26): error TS2339: Property 'escalationLevel' does not exist on type 'SecurityIncidentEntity'.
Module_11_Common/code/services/security.service.ts(695,26): error TS2339: Property 'escalationLevel' does not exist on type 'SecurityIncidentEntity'.
Module_11_Common/code/services/security.service.ts(707,69): error TS2339: Property 'title' does not exist on type 'SecurityIncidentEntity'.
Module_11_Common/code/services/security.service.ts(720,39): error TS2339: Property 'threatLevel' does not exist on type 'SecurityIncidentEntity'.
Module_11_Common/code/services/security.service.ts(727,70): error TS2554: Expected 1-2 arguments, but got 3.
Module_11_Common/code/services/security.service.ts(741,48): error TS2554: Expected 0 arguments, but got 1.
Module_11_Common/code/services/security.service.ts(750,29): error TS2339: Property 'eventType' does not exist on type 'AuditLogEntryEntity'.
Module_11_Common/code/services/security.service.ts(751,25): error TS2339: Property 'level' does not exist on type 'AuditLogEntryEntity'.
Module_11_Common/code/services/security.service.ts(757,62): error TS2554: Expected 1-2 arguments, but got 3.
Module_11_Common/code/services/security.service.ts(771,22): error TS2339: Property 'tenantId' does not exist on type 'UserProfileEntity'.
Module_11_Common/code/services/security.service.ts(785,42): error TS2339: Property 'isActive' does not exist on type 'UserProfileEntity'.
Module_11_Common/code/services/security.service.ts(786,42): error TS2339: Property 'isLocked' does not exist on type 'UserProfileEntity'.
Module_11_Common/code/services/security.service.ts(791,13): error TS2339: Property 'timestamp' does not exist on type 'AuditLogEntryEntity'.
Module_11_Common/code/services/security.service.ts(794,31): error TS2339: Property 'getSummary' does not exist on type 'UserProfileEntity'.
Module_11_Common/code/services/security.service.ts(795,39): error TS2339: Property 'getSummary' does not exist on type 'SecurityIncidentEntity'.
Module_11_Common/code/services/security.service.ts(805,27): error TS2339: Property 'timestamp' does not exist on type 'AuditLogEntryEntity'.
Module_11_Common/code/services/security.service.ts(805,51): error TS2339: Property 'timestamp' does not exist on type 'AuditLogEntryEntity'.
Module_11_Common/code/services/security.service.ts(807,21): error TS2339: Property 'getSummary' does not exist on type 'AuditLogEntryEntity'.
Module_11_Common/code/services/security.service.ts(849,62): error TS2339: Property 'isActive' does not exist on type 'AuthenticationConfigurationEntity'.
Module_11_Common/code/services/security.service.ts(854,26): error TS2339: Property 'username' does not exist on type 'UserProfileEntity'.
Module_11_Common/code/services/security.service.ts(854,56): error TS2339: Property 'tenantId' does not exist on type 'UserProfileEntity'.
Module_11_Common/code/services/security.service.ts(881,22): error TS2339: Property 'username' does not exist on type 'UserProfileEntity'.
Module_11_Common/code/services/security.service.ts(882,22): error TS2339: Property 'tenantId' does not exist on type 'UserProfileEntity'.
Module_11_Common/code/services/security.service.ts(884,19): error TS2339: Property 'roles' does not exist on type 'UserProfileEntity'.
Module_11_Common/code/services/security.service.ts(885,25): error TS2339: Property 'permissions' does not exist on type 'UserProfileEntity'.
Module_11_Common/code/services/security.service.ts(886,27): error TS2339: Property 'securityLevel' does not exist on type 'UserProfileEntity'.
Module_11_Common/code/services/security.service.ts(889,16): error TS2769: No overload matches this call.
  Overload 1 of 5, '(payload: string | object | Buffer<ArrayBufferLike>, secretOrPrivateKey: null, options?: SignOptions & { algorithm: "none"; }): string', gave the following error.
    Argument of type 'string' is not assignable to parameter of type 'null'.
  Overload 2 of 5, '(payload: string | object | Buffer<ArrayBufferLike>, secretOrPrivateKey: Buffer<ArrayBufferLike> | Secret | PrivateKeyInput | JsonWebKeyInput, options?: SignOptions): string', gave the following error.
    Type 'string' is not assignable to type 'number | StringValue'.
  Overload 3 of 5, '(payload: string | object | Buffer<ArrayBufferLike>, secretOrPrivateKey: Buffer<ArrayBufferLike> | Secret | PrivateKeyInput | JsonWebKeyInput, callback: SignCallback): void', gave the following error.
    Object literal may only specify known properties, and 'expiresIn' does not exist in type 'SignCallback'.
Module_11_Common/code/services/security.service.ts(892,22): error TS2339: Property 'tenantId' does not exist on type 'UserProfileEntity'.
Module_11_Common/code/services/security.service.ts(900,22): error TS2339: Property 'tenantId' does not exist on type 'UserProfileEntity'.
Module_11_Common/code/services/security.service.ts(904,16): error TS2769: No overload matches this call.
  Overload 1 of 5, '(payload: string | object | Buffer<ArrayBufferLike>, secretOrPrivateKey: null, options?: SignOptions & { algorithm: "none"; }): string', gave the following error.
    Argument of type 'string' is not assignable to parameter of type 'null'.
  Overload 2 of 5, '(payload: string | object | Buffer<ArrayBufferLike>, secretOrPrivateKey: Buffer<ArrayBufferLike> | Secret | PrivateKeyInput | JsonWebKeyInput, options?: SignOptions): string', gave the following error.
    Type 'string' is not assignable to type 'number | StringValue'.
  Overload 3 of 5, '(payload: string | object | Buffer<ArrayBufferLike>, secretOrPrivateKey: Buffer<ArrayBufferLike> | Secret | PrivateKeyInput | JsonWebKeyInput, callback: SignCallback): void', gave the following error.
    Object literal may only specify known properties, and 'expiresIn' does not exist in type 'SignCallback'.
Module_11_Common/code/services/security.service.ts(907,22): error TS2339: Property 'tenantId' does not exist on type 'UserProfileEntity'.
Module_11_Common/code/services/security.service.ts(920,14): error TS2339: Property 'removeSession' does not exist on type 'UserProfileEntity'.
Module_11_Common/code/services/self-optimization.service.ts(8,279): error TS2307: Cannot find module '../entities/self-optimization.entity' or its corresponding type declarations.
Module_11_Common/code/services/self-optimization.service.ts(27,8): error TS2307: Cannot find module '@enums/intelligent-workflow.enum' or its corresponding type declarations.
Module_11_Common/code/services/self-optimization.service.ts(47,8): error TS2307: Cannot find module '@interfaces/intelligent-workflow.interface' or its corresponding type declarations.
Module_11_Common/code/services/sms-distributor.service.ts(2,38): error TS2307: Cannot find module '../../distribution/entities/recipient-contact.entity' or its corresponding type declarations.
Module_11_Common/code/services/tenant-management.service.ts(30,31): error TS2307: Cannot find module '../entities/tenant-contact.entity' or its corresponding type declarations.
Module_11_Common/code/services/tenant-management.service.ts(32,36): error TS2307: Cannot find module '../entities/tenant-subscription.entity' or its corresponding type declarations.
Module_11_Common/code/services/tenant-management.service.ts(33,34): error TS2307: Cannot find module '../entities/platform-audit-log.entity' or its corresponding type declarations.
Module_11_Common/code/services/tenant-management.service.ts(588,9): error TS2393: Duplicate function implementation.
Module_11_Common/code/services/tenant-management.service.ts(614,15): error TS2304: Cannot find name 'Not'.
Module_11_Common/code/services/tenant-management.service.ts(791,17): error TS2393: Duplicate function implementation.
Module_11_Common/code/services/tenant-management.service.ts(841,22): error TS2304: Cannot find name 'MoreThanOrEqual'.
Module_11_Common/code/services/tenant-management.service.ts(878,17): error TS2304: Cannot find name 'IUsageLimits'.
Module_11_Common/code/services/tenant-management.service.ts(922,9): error TS2740: Type '{}' is missing the following properties from type 'Record<PlatformModule, IModuleConfiguration>': invoice_generation, customer_relationship, payment_integration, financial_analytics, and 7 more.
Module_11_Common/code/services/tenant-management.service.ts(928,9): error TS2740: Type '{}' is missing the following properties from type 'Record<IntegrationType, IIntegrationSettings>': accounting_software, payment_gateway, banking_api, erp_system, and 4 more.
Module_11_Common/code/services/tenant-management.service.ts(934,9): error TS2740: Type '{}' is missing the following properties from type 'Record<NotificationType, INotificationChannelSettings>': email, sms, push, in_app, and 3 more.
Module_11_Common/code/services/user-data-source-fetching.service.ts(6,23): error TS2307: Cannot find module 'papaparse' or its corresponding type declarations.
Module_11_Common/code/services/user-data-source-fetching.service.ts(7,35): error TS2307: Cannot find module '../../auth/services/encryption.service' or its corresponding type declarations.
Module_11_Common/code/services/user-data-source.service.ts(5,80): error TS2307: Cannot find module '../dto/user-defined-data-source.dto.ts' or its corresponding type declarations.
Module_11_Common/code/services/user-data-source.service.ts(6,35): error TS2307: Cannot find module '../../shared/services/encryption.service' or its corresponding type declarations.
Module_11_Common/code/services/user-data-source.service.ts(61,7): error TS2740: Type 'UserDefinedDataSource[]' is missing the following properties from type 'UserDefinedDataSource': id, name, type, connection_config, and 4 more.
Module_11_Common/code/services/user-management.service.ts(404,27): error TS2339: Property 'USER_SUSPENDED' does not exist on type 'typeof AuditAction'.
Module_11_Common/code/services/user-management.service.ts(470,27): error TS2339: Property 'USER_LOCKED' does not exist on type 'typeof AuditAction'.
Module_11_Common/code/services/user-management.service.ts(502,27): error TS2339: Property 'USER_UNLOCKED' does not exist on type 'typeof AuditAction'.
Module_11_Common/code/services/user-management.service.ts(928,27): error TS2339: Property 'PASSWORD_RESET' does not exist on type 'typeof AuditAction'.
Module_11_Common/code/services/user-management.service.ts(1106,29): error TS2339: Property 'USER_LOGIN_FAILED' does not exist on type 'typeof AuditAction'.
Module_11_Common/code/services/voice-authentication.service.ts(4,32): error TS2307: Cannot find module '../entities/voice-biometric.entity' or its corresponding type declarations.
Module_11_Common/code/services/voice-collection.service.ts(4,34): error TS2307: Cannot find module '../entities/voice-interaction.entity' or its corresponding type declarations.
Module_11_Common/code/services/whatsapp-distributor.service.ts(2,38): error TS2307: Cannot find module '../../distribution/entities/recipient-contact.entity' or its corresponding type declarations.
Module_11_Common/code/services/workflow-engine.service.ts(5,35): error TS2307: Cannot find module '../shared/entities/financing-workflow.entity' or its corresponding type declarations.
Module_11_Common/code/services/workflow-engine.service.ts(6,43): error TS2307: Cannot find module '../shared/entities/financing-workflow-instance.entity' or its corresponding type declarations.
Module_11_Common/code/services/workflow-orchestration.service.ts(11,24): error TS2307: Cannot find module '../../shared/utils/logger.util' or its corresponding type declarations.
Module_11_Common/code/services/workflow-orchestration.service.ts(16,8): error TS2307: Cannot find module '../entities/workflow-orchestration.entity' or its corresponding type declarations.
Module_11_Common/code/services/workflow-orchestration.service.ts(34,8): error TS2307: Cannot find module '../../shared/enums/workflow-orchestration.enum' or its corresponding type declarations.
Module_11_Common/code/services/workflow-orchestration.service.ts(50,8): error TS2307: Cannot find module '../../shared/interfaces/workflow-orchestration.interface' or its corresponding type declarations.
Module_11_Common/common.module.ts(7,38): error TS2307: Cannot find module '../../Module_12_Administration/administration.module' or its corresponding type declarations.
Module_11_Common/common.module.ts(12,28): error TS2307: Cannot find module '../../Module_12_Administration/code/entities/role.entity' or its corresponding type declarations.
Module_11_Common/common.module.ts(13,34): error TS2307: Cannot find module '../../Module_12_Administration/code/entities/permission.entity' or its corresponding type declarations.
Module_11_Common/common.module.ts(14,32): error TS2307: Cannot find module '../../Module_12_Administration/code/entities/audit-log.entity' or its corresponding type declarations.
Module_11_Common/src/processors/notification.processor.ts(34,21): error TS2322: Type '"EMAIL_SENT"' is not assignable to type 'AuditAction'.
Module_11_Common/src/processors/notification.processor.ts(54,21): error TS2322: Type '"EMAIL_FAILED"' is not assignable to type 'AuditAction'.
Module_11_Common/src/processors/notification.processor.ts(82,21): error TS2322: Type '"SMS_SENT"' is not assignable to type 'AuditAction'.
Module_11_Common/src/processors/notification.processor.ts(101,21): error TS2322: Type '"SMS_FAILED"' is not assignable to type 'AuditAction'.
Module_11_Common/src/processors/notification.processor.ts(129,21): error TS2322: Type '"WHATSAPP_SENT"' is not assignable to type 'AuditAction'.
Module_11_Common/src/processors/notification.processor.ts(149,21): error TS2322: Type '"WHATSAPP_FAILED"' is not assignable to type 'AuditAction'.
Module_12_Administration/code/administration.module.ts(11,29): error TS2307: Cannot find module './services/seed.service' or its corresponding type declarations.
Module_12_Administration/code/controllers/administration.controller.ts(17,30): error TS2307: Cannot find module '@common/guards/jwt-auth.guard' or its corresponding type declarations.
Module_12_Administration/code/controllers/administration.controller.ts(53,36): error TS2554: Expected 3 arguments, but got 1.
Module_12_Administration/code/controllers/administration.controller.ts(63,36): error TS2339: Property 'getUsers' does not exist on type 'AdministrationService'.
Module_12_Administration/code/controllers/administration.controller.ts(69,36): error TS2339: Property 'getUser' does not exist on type 'AdministrationService'.
Module_12_Administration/code/controllers/administration.controller.ts(75,36): error TS2554: Expected 4 arguments, but got 2.
Module_12_Administration/code/controllers/administration.controller.ts(82,36): error TS2554: Expected 3 arguments, but got 1.
Module_12_Administration/code/controllers/administration.controller.ts(93,36): error TS2554: Expected 3 arguments, but got 1.
Module_12_Administration/code/controllers/administration.controller.ts(99,36): error TS2339: Property 'getRoles' does not exist on type 'AdministrationService'.
Module_12_Administration/code/controllers/administration.controller.ts(105,36): error TS2339: Property 'updateRole' does not exist on type 'AdministrationService'.
Module_12_Administration/code/controllers/administration.controller.ts(116,36): error TS2339: Property 'createTenant' does not exist on type 'AdministrationService'.
Module_12_Administration/code/controllers/administration.controller.ts(122,36): error TS2339: Property 'getTenant' does not exist on type 'AdministrationService'.
Module_12_Administration/code/controllers/administration.controller.ts(128,36): error TS2339: Property 'updateTenant' does not exist on type 'AdministrationService'.
Module_12_Administration/code/main.ts(2,27): error TS2307: Cannot find module './app.module' or its corresponding type declarations.
Module_12_Administration/code/routes/administration.routes.ts(2,10): error TS2724: '"../controllers/administration.controller"' has no exported member named 'administrationController'. Did you mean 'AdministrationController'?
Module_12_Administration/code/routes/administration.routes.ts(3,32): error TS2307: Cannot find module '../../../common/auth/auth.middleware' or its corresponding type declarations.
Module_12_Administration/code/routes/administration.routes.ts(4,26): error TS2307: Cannot find module '../../../common/middleware/validate.middleware' or its corresponding type declarations.
Module_12_Administration/code/services/tenant.service.ts(47,39): error TS2339: Property 'id' does not exist on type 'TenantEntity[]'.
Module_12_Administration/code/services/tenant.service.ts(54,9): error TS2740: Type 'TenantEntity[]' is missing the following properties from type 'TenantEntity': id, organizationName, businessType, status, and 17 more.
Module_12_Administration/code/services/tenant.service.ts(248,9): error TS2740: Type 'TenantContactEntity[]' is missing the following properties from type 'TenantContactEntity': id, tenantId, contactType, firstName, and 13 more.
Module_12_Administration/code/services/user.service.ts(196,34): error TS2551: Property 'INACTIVE' does not exist on type 'typeof UserStatus'. Did you mean 'ACTIVE'?
shared/config/rate-limit.config.ts(1,27): error TS2307: Cannot find module 'express-rate-limit' or its corresponding type declarations.
shared/config/rate-limit.config.ts(2,28): error TS2307: Cannot find module 'rate-limit-redis' or its corresponding type declarations.
shared/config/rate-limit.config.ts(3,30): error TS2307: Cannot find module 'redis' or its corresponding type declarations.
shared/config/rate-limit.config.ts(20,5): error TS2578: Unused '@ts-expect-error' directive.
shared/middleware/rate-limit.middleware.ts(3,30): error TS2307: Cannot find module './cache.service' or its corresponding type declarations.
shared/middleware/security.middleware.ts(14,33): error TS2349: This expression is not callable.
  Type 'typeof import("C:/Users/91858/Downloads/SME_Platform_12_Separate_Modules/platform/node_modules/helmet/index")' has no call signatures.
shared/middleware/security.middleware.ts(69,25): error TS1517: Range out of order in character class.
